[0.069s] [34mcolcon[0m [1;30mDEBUG[0m [32mCommand line arguments: ['/usr/bin/colcon', 'build'][0m
[0.069s] [34mcolcon[0m [1;30mDEBUG[0m [32mParsed command line arguments: Namespace(log_base=None, log_level=None, verb_name='build', build_base='build', install_base='install', merge_install=False, symlink_install=False, test_result_base=None, continue_on_error=False, executor='parallel', parallel_workers=32, event_handlers=None, ignore_user_meta=False, metas=['./colcon.meta'], base_paths=['.'], packages_ignore=None, packages_ignore_regex=None, paths=None, packages_up_to=None, packages_up_to_regex=None, packages_above=None, packages_above_and_dependencies=None, packages_above_depth=None, packages_select_by_dep=None, packages_skip_by_dep=None, packages_skip_up_to=None, packages_select_build_failed=False, packages_skip_build_finished=False, packages_select_test_failures=False, packages_skip_test_passed=False, packages_select=None, packages_skip=None, packages_select_regex=None, packages_skip_regex=None, packages_start=None, packages_end=None, allow_overriding=[], cmake_args=None, cmake_target=None, cmake_target_skip_unavailable=False, cmake_clean_cache=False, cmake_clean_first=False, cmake_force_configure=False, ament_cmake_args=None, catkin_cmake_args=None, catkin_skip_building_tests=False, verb_parser=<colcon_defaults.argument_parser.defaults.DefaultArgumentsDecorator object at 0x79bd46007f70>, verb_extension=<colcon_core.verb.build.BuildVerb object at 0x79bd460071f0>, main=<bound method BuildVerb.main of <colcon_core.verb.build.BuildVerb object at 0x79bd460071f0>>)[0m
[0.200s] [34mcolcon.colcon_core.package_discovery[0m [1;30mLevel 1[0m discover_packages(colcon_meta) check parameters
[0.200s] [34mcolcon.colcon_core.package_discovery[0m [1;30mLevel 1[0m discover_packages(recursive) check parameters
[0.200s] [34mcolcon.colcon_core.package_discovery[0m [1;30mLevel 1[0m discover_packages(ignore) check parameters
[0.200s] [34mcolcon.colcon_core.package_discovery[0m [1;30mLevel 1[0m discover_packages(path) check parameters
[0.200s] [34mcolcon.colcon_core.package_discovery[0m [1;30mLevel 1[0m discover_packages(colcon_meta) discover
[0.200s] [34mcolcon.colcon_core.package_discovery[0m [1;30mLevel 1[0m discover_packages(recursive) discover
[0.200s] [34mcolcon.colcon_core.package_discovery[0m [1;30mINFO[0m Crawling recursively for packages in '/home/cui/Desktop/arm_ws'
[0.200s] [34mcolcon.colcon_core.package_identification[0m [1;30mLevel 1[0m _identify(.) by extensions ['ignore', 'ignore_ament_install']
[0.200s] [34mcolcon.colcon_core.package_identification[0m [1;30mLevel 1[0m _identify(.) by extension 'ignore'
[0.200s] [34mcolcon.colcon_core.package_identification[0m [1;30mLevel 1[0m _identify(.) by extension 'ignore_ament_install'
[0.200s] [34mcolcon.colcon_core.package_identification[0m [1;30mLevel 1[0m _identify(.) by extensions ['colcon_pkg']
[0.200s] [34mcolcon.colcon_core.package_identification[0m [1;30mLevel 1[0m _identify(.) by extension 'colcon_pkg'
[0.200s] [34mcolcon.colcon_core.package_identification[0m [1;30mLevel 1[0m _identify(.) by extensions ['colcon_meta']
[0.200s] [34mcolcon.colcon_core.package_identification[0m [1;30mLevel 1[0m _identify(.) by extension 'colcon_meta'
[0.200s] [34mcolcon.colcon_core.package_identification[0m [1;30mLevel 1[0m _identify(.) by extensions ['ros']
[0.200s] [34mcolcon.colcon_core.package_identification[0m [1;30mLevel 1[0m _identify(.) by extension 'ros'
[0.208s] [34mcolcon.colcon_core.package_identification[0m [1;30mLevel 1[0m _identify(.) by extensions ['cmake', 'python']
[0.208s] [34mcolcon.colcon_core.package_identification[0m [1;30mLevel 1[0m _identify(.) by extension 'cmake'
[0.208s] [34mcolcon.colcon_core.package_identification[0m [1;30mLevel 1[0m _identify(.) by extension 'python'
[0.208s] [34mcolcon.colcon_core.package_identification[0m [1;30mLevel 1[0m _identify(.) by extensions ['python_setup_py']
[0.208s] [34mcolcon.colcon_core.package_identification[0m [1;30mLevel 1[0m _identify(.) by extension 'python_setup_py'
[0.208s] [34mcolcon.colcon_core.package_identification[0m [1;30mLevel 1[0m _identify(build) by extensions ['ignore', 'ignore_ament_install']
[0.208s] [34mcolcon.colcon_core.package_identification[0m [1;30mLevel 1[0m _identify(build) by extension 'ignore'
[0.208s] [34mcolcon.colcon_core.package_identification[0m [1;30mLevel 1[0m _identify(build) ignored
[0.208s] [34mcolcon.colcon_core.package_identification[0m [1;30mLevel 1[0m _identify(install) by extensions ['ignore', 'ignore_ament_install']
[0.208s] [34mcolcon.colcon_core.package_identification[0m [1;30mLevel 1[0m _identify(install) by extension 'ignore'
[0.208s] [34mcolcon.colcon_core.package_identification[0m [1;30mLevel 1[0m _identify(install) ignored
[0.208s] [34mcolcon.colcon_core.package_identification[0m [1;30mLevel 1[0m _identify(log) by extensions ['ignore', 'ignore_ament_install']
[0.208s] [34mcolcon.colcon_core.package_identification[0m [1;30mLevel 1[0m _identify(log) by extension 'ignore'
[0.208s] [34mcolcon.colcon_core.package_identification[0m [1;30mLevel 1[0m _identify(log) ignored
[0.209s] [34mcolcon.colcon_core.package_identification[0m [1;30mLevel 1[0m _identify(src) by extensions ['ignore', 'ignore_ament_install']
[0.209s] [34mcolcon.colcon_core.package_identification[0m [1;30mLevel 1[0m _identify(src) by extension 'ignore'
[0.209s] [34mcolcon.colcon_core.package_identification[0m [1;30mLevel 1[0m _identify(src) by extension 'ignore_ament_install'
[0.209s] [34mcolcon.colcon_core.package_identification[0m [1;30mLevel 1[0m _identify(src) by extensions ['colcon_pkg']
[0.209s] [34mcolcon.colcon_core.package_identification[0m [1;30mLevel 1[0m _identify(src) by extension 'colcon_pkg'
[0.209s] [34mcolcon.colcon_core.package_identification[0m [1;30mLevel 1[0m _identify(src) by extensions ['colcon_meta']
[0.209s] [34mcolcon.colcon_core.package_identification[0m [1;30mLevel 1[0m _identify(src) by extension 'colcon_meta'
[0.209s] [34mcolcon.colcon_core.package_identification[0m [1;30mLevel 1[0m _identify(src) by extensions ['ros']
[0.209s] [34mcolcon.colcon_core.package_identification[0m [1;30mLevel 1[0m _identify(src) by extension 'ros'
[0.209s] [34mcolcon.colcon_core.package_identification[0m [1;30mLevel 1[0m _identify(src) by extensions ['cmake', 'python']
[0.209s] [34mcolcon.colcon_core.package_identification[0m [1;30mLevel 1[0m _identify(src) by extension 'cmake'
[0.209s] [34mcolcon.colcon_core.package_identification[0m [1;30mLevel 1[0m _identify(src) by extension 'python'
[0.209s] [34mcolcon.colcon_core.package_identification[0m [1;30mLevel 1[0m _identify(src) by extensions ['python_setup_py']
[0.209s] [34mcolcon.colcon_core.package_identification[0m [1;30mLevel 1[0m _identify(src) by extension 'python_setup_py'
[0.209s] [34mcolcon.colcon_core.package_identification[0m [1;30mLevel 1[0m _identify(src/pnp_ros) by extensions ['ignore', 'ignore_ament_install']
[0.209s] [34mcolcon.colcon_core.package_identification[0m [1;30mLevel 1[0m _identify(src/pnp_ros) by extension 'ignore'
[0.209s] [34mcolcon.colcon_core.package_identification[0m [1;30mLevel 1[0m _identify(src/pnp_ros) by extension 'ignore_ament_install'
[0.209s] [34mcolcon.colcon_core.package_identification[0m [1;30mLevel 1[0m _identify(src/pnp_ros) by extensions ['colcon_pkg']
[0.209s] [34mcolcon.colcon_core.package_identification[0m [1;30mLevel 1[0m _identify(src/pnp_ros) by extension 'colcon_pkg'
[0.209s] [34mcolcon.colcon_core.package_identification[0m [1;30mLevel 1[0m _identify(src/pnp_ros) by extensions ['colcon_meta']
[0.209s] [34mcolcon.colcon_core.package_identification[0m [1;30mLevel 1[0m _identify(src/pnp_ros) by extension 'colcon_meta'
[0.209s] [34mcolcon.colcon_core.package_identification[0m [1;30mLevel 1[0m _identify(src/pnp_ros) by extensions ['ros']
[0.209s] [34mcolcon.colcon_core.package_identification[0m [1;30mLevel 1[0m _identify(src/pnp_ros) by extension 'ros'
[0.212s] [34mcolcon.colcon_core.package_identification[0m [1;30mDEBUG[0m [32mPackage 'src/pnp_ros' with type 'ros.ament_cmake' and name 'pnp_ros'[0m
[0.212s] [34mcolcon.colcon_core.package_identification[0m [1;30mLevel 1[0m _identify(src/robot_interfaces) by extensions ['ignore', 'ignore_ament_install']
[0.212s] [34mcolcon.colcon_core.package_identification[0m [1;30mLevel 1[0m _identify(src/robot_interfaces) by extension 'ignore'
[0.212s] [34mcolcon.colcon_core.package_identification[0m [1;30mLevel 1[0m _identify(src/robot_interfaces) by extension 'ignore_ament_install'
[0.212s] [34mcolcon.colcon_core.package_identification[0m [1;30mLevel 1[0m _identify(src/robot_interfaces) by extensions ['colcon_pkg']
[0.212s] [34mcolcon.colcon_core.package_identification[0m [1;30mLevel 1[0m _identify(src/robot_interfaces) by extension 'colcon_pkg'
[0.212s] [34mcolcon.colcon_core.package_identification[0m [1;30mLevel 1[0m _identify(src/robot_interfaces) by extensions ['colcon_meta']
[0.212s] [34mcolcon.colcon_core.package_identification[0m [1;30mLevel 1[0m _identify(src/robot_interfaces) by extension 'colcon_meta'
[0.212s] [34mcolcon.colcon_core.package_identification[0m [1;30mLevel 1[0m _identify(src/robot_interfaces) by extensions ['ros']
[0.212s] [34mcolcon.colcon_core.package_identification[0m [1;30mLevel 1[0m _identify(src/robot_interfaces) by extension 'ros'
[0.212s] [34mcolcon.colcon_core.package_identification[0m [1;30mDEBUG[0m [32mPackage 'src/robot_interfaces' with type 'ros.ament_cmake' and name 'robot_interfaces'[0m
[0.213s] [34mcolcon.colcon_core.package_identification[0m [1;30mLevel 1[0m _identify(src/robotic_arm ) by extensions ['ignore', 'ignore_ament_install']
[0.213s] [34mcolcon.colcon_core.package_identification[0m [1;30mLevel 1[0m _identify(src/robotic_arm ) by extension 'ignore'
[0.213s] [34mcolcon.colcon_core.package_identification[0m [1;30mLevel 1[0m _identify(src/robotic_arm ) by extension 'ignore_ament_install'
[0.213s] [34mcolcon.colcon_core.package_identification[0m [1;30mLevel 1[0m _identify(src/robotic_arm ) by extensions ['colcon_pkg']
[0.213s] [34mcolcon.colcon_core.package_identification[0m [1;30mLevel 1[0m _identify(src/robotic_arm ) by extension 'colcon_pkg'
[0.213s] [34mcolcon.colcon_core.package_identification[0m [1;30mLevel 1[0m _identify(src/robotic_arm ) by extensions ['colcon_meta']
[0.213s] [34mcolcon.colcon_core.package_identification[0m [1;30mLevel 1[0m _identify(src/robotic_arm ) by extension 'colcon_meta'
[0.213s] [34mcolcon.colcon_core.package_identification[0m [1;30mLevel 1[0m _identify(src/robotic_arm ) by extensions ['ros']
[0.213s] [34mcolcon.colcon_core.package_identification[0m [1;30mLevel 1[0m _identify(src/robotic_arm ) by extension 'ros'
[0.213s] [34mcolcon.colcon_core.package_identification[0m [1;30mDEBUG[0m [32mPackage 'src/robotic_arm ' with type 'ros.ament_cmake' and name 'robotic_arm'[0m
[0.213s] [34mcolcon.colcon_core.package_identification[0m [1;30mLevel 1[0m _identify(temp) by extensions ['ignore', 'ignore_ament_install']
[0.213s] [34mcolcon.colcon_core.package_identification[0m [1;30mLevel 1[0m _identify(temp) by extension 'ignore'
[0.213s] [34mcolcon.colcon_core.package_identification[0m [1;30mLevel 1[0m _identify(temp) by extension 'ignore_ament_install'
[0.213s] [34mcolcon.colcon_core.package_identification[0m [1;30mLevel 1[0m _identify(temp) by extensions ['colcon_pkg']
[0.213s] [34mcolcon.colcon_core.package_identification[0m [1;30mLevel 1[0m _identify(temp) by extension 'colcon_pkg'
[0.213s] [34mcolcon.colcon_core.package_identification[0m [1;30mLevel 1[0m _identify(temp) by extensions ['colcon_meta']
[0.213s] [34mcolcon.colcon_core.package_identification[0m [1;30mLevel 1[0m _identify(temp) by extension 'colcon_meta'
[0.213s] [34mcolcon.colcon_core.package_identification[0m [1;30mLevel 1[0m _identify(temp) by extensions ['ros']
[0.213s] [34mcolcon.colcon_core.package_identification[0m [1;30mLevel 1[0m _identify(temp) by extension 'ros'
[0.213s] [34mcolcon.colcon_core.package_identification[0m [1;30mLevel 1[0m _identify(temp) by extensions ['cmake', 'python']
[0.213s] [34mcolcon.colcon_core.package_identification[0m [1;30mLevel 1[0m _identify(temp) by extension 'cmake'
[0.214s] [34mcolcon.colcon_core.package_identification[0m [1;30mLevel 1[0m _identify(temp) by extension 'python'
[0.214s] [34mcolcon.colcon_core.package_identification[0m [1;30mLevel 1[0m _identify(temp) by extensions ['python_setup_py']
[0.214s] [34mcolcon.colcon_core.package_identification[0m [1;30mLevel 1[0m _identify(temp) by extension 'python_setup_py'
[0.214s] [34mcolcon.colcon_core.package_discovery[0m [1;30mLevel 1[0m discover_packages(recursive) using defaults
[0.214s] [34mcolcon.colcon_core.package_discovery[0m [1;30mLevel 1[0m discover_packages(ignore) discover
[0.214s] [34mcolcon.colcon_core.package_discovery[0m [1;30mLevel 1[0m discover_packages(ignore) using defaults
[0.214s] [34mcolcon.colcon_core.package_discovery[0m [1;30mLevel 1[0m discover_packages(path) discover
[0.214s] [34mcolcon.colcon_core.package_discovery[0m [1;30mLevel 1[0m discover_packages(path) using defaults
[0.225s] [34mcolcon.colcon_core.package_discovery[0m [1;30mLevel 1[0m discover_packages(prefix_path) check parameters
[0.225s] [34mcolcon.colcon_core.package_discovery[0m [1;30mLevel 1[0m discover_packages(prefix_path) discover
[0.225s] [34mcolcon.colcon_ros.prefix_path.ament[0m [1;30mWARNING[0m [33mThe path '/home/cui/Desktop/arm_ws/install/pnp_ros' in the environment variable AMENT_PREFIX_PATH doesn't exist[0m
[0.225s] [34mcolcon.colcon_ros.prefix_path.ament[0m [1;30mWARNING[0m [33mThe path '/home/cui/Desktop/arm_ws/install/robot_interfaces' in the environment variable AMENT_PREFIX_PATH doesn't exist[0m
[0.225s] [34mcolcon.colcon_ros.prefix_path.catkin[0m [1;30mWARNING[0m [33mThe path '/home/cui/Desktop/arm_ws/install/pnp_ros' in the environment variable CMAKE_PREFIX_PATH doesn't exist[0m
[0.225s] [34mcolcon.colcon_ros.prefix_path.catkin[0m [1;30mWARNING[0m [33mThe path '/home/cui/Desktop/arm_ws/install/robot_interfaces' in the environment variable CMAKE_PREFIX_PATH doesn't exist[0m
[0.226s] [34mcolcon.colcon_installed_package_information.package_discovery[0m [1;30mDEBUG[0m [32mFound 0 installed packages in /home/cui/Desktop/arm_ws/install[0m
[0.226s] [34mcolcon.colcon_installed_package_information.package_discovery[0m [1;30mDEBUG[0m [32mFound 272 installed packages in /opt/ros/humble[0m
[0.227s] [34mcolcon.colcon_core.package_discovery[0m [1;30mLevel 1[0m discover_packages(prefix_path) using defaults
[0.252s] [34mcolcon.colcon_core.verb[0m [1;30mLevel 5[0m set package 'robot_interfaces' build argument 'cmake_args' from command line to 'None'
[0.252s] [34mcolcon.colcon_core.verb[0m [1;30mLevel 5[0m set package 'robot_interfaces' build argument 'cmake_target' from command line to 'None'
[0.252s] [34mcolcon.colcon_core.verb[0m [1;30mLevel 5[0m set package 'robot_interfaces' build argument 'cmake_target_skip_unavailable' from command line to 'False'
[0.252s] [34mcolcon.colcon_core.verb[0m [1;30mLevel 5[0m set package 'robot_interfaces' build argument 'cmake_clean_cache' from command line to 'False'
[0.252s] [34mcolcon.colcon_core.verb[0m [1;30mLevel 5[0m set package 'robot_interfaces' build argument 'cmake_clean_first' from command line to 'False'
[0.252s] [34mcolcon.colcon_core.verb[0m [1;30mLevel 5[0m set package 'robot_interfaces' build argument 'cmake_force_configure' from command line to 'False'
[0.252s] [34mcolcon.colcon_core.verb[0m [1;30mLevel 5[0m set package 'robot_interfaces' build argument 'ament_cmake_args' from command line to 'None'
[0.252s] [34mcolcon.colcon_core.verb[0m [1;30mLevel 5[0m set package 'robot_interfaces' build argument 'catkin_cmake_args' from command line to 'None'
[0.252s] [34mcolcon.colcon_core.verb[0m [1;30mLevel 5[0m set package 'robot_interfaces' build argument 'catkin_skip_building_tests' from command line to 'False'
[0.252s] [34mcolcon.colcon_core.verb[0m [1;30mDEBUG[0m [32mBuilding package 'robot_interfaces' with the following arguments: {'ament_cmake_args': None, 'build_base': '/home/cui/Desktop/arm_ws/build/robot_interfaces', 'catkin_cmake_args': None, 'catkin_skip_building_tests': False, 'cmake_args': None, 'cmake_clean_cache': False, 'cmake_clean_first': False, 'cmake_force_configure': False, 'cmake_target': None, 'cmake_target_skip_unavailable': False, 'install_base': '/home/cui/Desktop/arm_ws/install/robot_interfaces', 'merge_install': False, 'path': '/home/cui/Desktop/arm_ws/src/robot_interfaces', 'symlink_install': False, 'test_result_base': None}[0m
[0.252s] [34mcolcon.colcon_core.verb[0m [1;30mLevel 5[0m set package 'robotic_arm' build argument 'cmake_args' from command line to 'None'
[0.252s] [34mcolcon.colcon_core.verb[0m [1;30mLevel 5[0m set package 'robotic_arm' build argument 'cmake_target' from command line to 'None'
[0.252s] [34mcolcon.colcon_core.verb[0m [1;30mLevel 5[0m set package 'robotic_arm' build argument 'cmake_target_skip_unavailable' from command line to 'False'
[0.252s] [34mcolcon.colcon_core.verb[0m [1;30mLevel 5[0m set package 'robotic_arm' build argument 'cmake_clean_cache' from command line to 'False'
[0.252s] [34mcolcon.colcon_core.verb[0m [1;30mLevel 5[0m set package 'robotic_arm' build argument 'cmake_clean_first' from command line to 'False'
[0.252s] [34mcolcon.colcon_core.verb[0m [1;30mLevel 5[0m set package 'robotic_arm' build argument 'cmake_force_configure' from command line to 'False'
[0.252s] [34mcolcon.colcon_core.verb[0m [1;30mLevel 5[0m set package 'robotic_arm' build argument 'ament_cmake_args' from command line to 'None'
[0.252s] [34mcolcon.colcon_core.verb[0m [1;30mLevel 5[0m set package 'robotic_arm' build argument 'catkin_cmake_args' from command line to 'None'
[0.252s] [34mcolcon.colcon_core.verb[0m [1;30mLevel 5[0m set package 'robotic_arm' build argument 'catkin_skip_building_tests' from command line to 'False'
[0.252s] [34mcolcon.colcon_core.verb[0m [1;30mDEBUG[0m [32mBuilding package 'robotic_arm' with the following arguments: {'ament_cmake_args': None, 'build_base': '/home/cui/Desktop/arm_ws/build/robotic_arm', 'catkin_cmake_args': None, 'catkin_skip_building_tests': False, 'cmake_args': None, 'cmake_clean_cache': False, 'cmake_clean_first': False, 'cmake_force_configure': False, 'cmake_target': None, 'cmake_target_skip_unavailable': False, 'install_base': '/home/cui/Desktop/arm_ws/install/robotic_arm', 'merge_install': False, 'path': '/home/cui/Desktop/arm_ws/src/robotic_arm ', 'symlink_install': False, 'test_result_base': None}[0m
[0.253s] [34mcolcon.colcon_core.verb[0m [1;30mLevel 5[0m set package 'pnp_ros' build argument 'cmake_args' from command line to 'None'
[0.253s] [34mcolcon.colcon_core.verb[0m [1;30mLevel 5[0m set package 'pnp_ros' build argument 'cmake_target' from command line to 'None'
[0.253s] [34mcolcon.colcon_core.verb[0m [1;30mLevel 5[0m set package 'pnp_ros' build argument 'cmake_target_skip_unavailable' from command line to 'False'
[0.253s] [34mcolcon.colcon_core.verb[0m [1;30mLevel 5[0m set package 'pnp_ros' build argument 'cmake_clean_cache' from command line to 'False'
[0.253s] [34mcolcon.colcon_core.verb[0m [1;30mLevel 5[0m set package 'pnp_ros' build argument 'cmake_clean_first' from command line to 'False'
[0.253s] [34mcolcon.colcon_core.verb[0m [1;30mLevel 5[0m set package 'pnp_ros' build argument 'cmake_force_configure' from command line to 'False'
[0.253s] [34mcolcon.colcon_core.verb[0m [1;30mLevel 5[0m set package 'pnp_ros' build argument 'ament_cmake_args' from command line to 'None'
[0.253s] [34mcolcon.colcon_core.verb[0m [1;30mLevel 5[0m set package 'pnp_ros' build argument 'catkin_cmake_args' from command line to 'None'
[0.253s] [34mcolcon.colcon_core.verb[0m [1;30mLevel 5[0m set package 'pnp_ros' build argument 'catkin_skip_building_tests' from command line to 'False'
[0.253s] [34mcolcon.colcon_core.verb[0m [1;30mDEBUG[0m [32mBuilding package 'pnp_ros' with the following arguments: {'ament_cmake_args': None, 'build_base': '/home/cui/Desktop/arm_ws/build/pnp_ros', 'catkin_cmake_args': None, 'catkin_skip_building_tests': False, 'cmake_args': None, 'cmake_clean_cache': False, 'cmake_clean_first': False, 'cmake_force_configure': False, 'cmake_target': None, 'cmake_target_skip_unavailable': False, 'install_base': '/home/cui/Desktop/arm_ws/install/pnp_ros', 'merge_install': False, 'path': '/home/cui/Desktop/arm_ws/src/pnp_ros', 'symlink_install': False, 'test_result_base': None}[0m
[0.253s] [34mcolcon.colcon_core.executor[0m [1;30mINFO[0m Executing jobs using 'parallel' executor
[0.254s] [34mcolcon.colcon_parallel_executor.executor.parallel[0m [1;30mDEBUG[0m [32mrun_until_complete[0m
[0.254s] [34mcolcon.colcon_ros.task.ament_cmake.build[0m [1;30mINFO[0m Building ROS package in '/home/cui/Desktop/arm_ws/src/robot_interfaces' with build type 'ament_cmake'
[0.254s] [34mcolcon.colcon_cmake.task.cmake.build[0m [1;30mINFO[0m Building CMake package in '/home/cui/Desktop/arm_ws/src/robot_interfaces'
[0.256s] [34mcolcon.colcon_core.plugin_system[0m [1;30mINFO[0m Skipping extension 'colcon_core.shell.bat': Not used on non-Windows systems
[0.256s] [34mcolcon.colcon_core.shell[0m [1;30mINFO[0m Skip shell extension 'powershell' for command environment: Not usable outside of PowerShell
[0.256s] [34mcolcon.colcon_core.shell[0m [1;30mDEBUG[0m [32mSkip shell extension 'dsv' for command environment[0m
[0.259s] [34mcolcon.colcon_ros.task.ament_cmake.build[0m [1;30mINFO[0m Building ROS package in '/home/cui/Desktop/arm_ws/src/robotic_arm ' with build type 'ament_cmake'
[0.259s] [34mcolcon.colcon_cmake.task.cmake.build[0m [1;30mINFO[0m Building CMake package in '/home/cui/Desktop/arm_ws/src/robotic_arm '
[0.259s] [34mcolcon.colcon_core.shell[0m [1;30mINFO[0m Skip shell extension 'powershell' for command environment: Not usable outside of PowerShell
[0.259s] [34mcolcon.colcon_core.shell[0m [1;30mDEBUG[0m [32mSkip shell extension 'dsv' for command environment[0m
[0.264s] [34mcolcon.colcon_core.event_handler.log_command[0m [1;30mDEBUG[0m [32mInvoking command in '/home/cui/Desktop/arm_ws/build/robot_interfaces': CMAKE_PREFIX_PATH=${CMAKE_PREFIX_PATH}:/opt/ros/humble /usr/bin/cmake /home/cui/Desktop/arm_ws/src/robot_interfaces -DCMAKE_INSTALL_PREFIX=/home/cui/Desktop/arm_ws/install/robot_interfaces[0m
[0.267s] [34mcolcon.colcon_core.event_handler.log_command[0m [1;30mDEBUG[0m [32mInvoking command in '/home/cui/Desktop/arm_ws/build/robotic_arm': CMAKE_PREFIX_PATH=${CMAKE_PREFIX_PATH}:/opt/ros/humble /usr/bin/cmake /home/cui/Desktop/arm_ws/src/robotic_arm  -DCMAKE_INSTALL_PREFIX=/home/cui/Desktop/arm_ws/install/robotic_arm[0m
[1.060s] [34mcolcon.colcon_core.event_handler.log_command[0m [1;30mDEBUG[0m [32mInvoked command in '/home/cui/Desktop/arm_ws/build/robotic_arm' returned '0': CMAKE_PREFIX_PATH=${CMAKE_PREFIX_PATH}:/opt/ros/humble /usr/bin/cmake /home/cui/Desktop/arm_ws/src/robotic_arm  -DCMAKE_INSTALL_PREFIX=/home/cui/Desktop/arm_ws/install/robotic_arm[0m
[1.063s] [34mcolcon.colcon_core.event_handler.log_command[0m [1;30mDEBUG[0m [32mInvoking command in '/home/cui/Desktop/arm_ws/build/robotic_arm': CMAKE_PREFIX_PATH=${CMAKE_PREFIX_PATH}:/opt/ros/humble /usr/bin/cmake --build /home/cui/Desktop/arm_ws/build/robotic_arm -- -j32 -l32[0m
[1.103s] [34mcolcon.colcon_core.event_handler.log_command[0m [1;30mDEBUG[0m [32mInvoked command in '/home/cui/Desktop/arm_ws/build/robotic_arm' returned '0': CMAKE_PREFIX_PATH=${CMAKE_PREFIX_PATH}:/opt/ros/humble /usr/bin/cmake --build /home/cui/Desktop/arm_ws/build/robotic_arm -- -j32 -l32[0m
[1.113s] [34mcolcon.colcon_core.event_handler.log_command[0m [1;30mDEBUG[0m [32mInvoking command in '/home/cui/Desktop/arm_ws/build/robotic_arm': CMAKE_PREFIX_PATH=${CMAKE_PREFIX_PATH}:/opt/ros/humble /usr/bin/cmake --install /home/cui/Desktop/arm_ws/build/robotic_arm[0m
[1.133s] [34mcolcon.colcon_core.environment[0m [1;30mLevel 1[0m create_environment_scripts_only(robotic_arm)
[1.133s] [34mcolcon.colcon_core.event_handler.log_command[0m [1;30mDEBUG[0m [32mInvoked command in '/home/cui/Desktop/arm_ws/build/robotic_arm' returned '0': CMAKE_PREFIX_PATH=${CMAKE_PREFIX_PATH}:/opt/ros/humble /usr/bin/cmake --install /home/cui/Desktop/arm_ws/build/robotic_arm[0m
[1.135s] [34mcolcon.colcon_core.environment[0m [1;30mLevel 1[0m checking '/home/cui/Desktop/arm_ws/install/robotic_arm' for CMake module files
[1.135s] [34mcolcon.colcon_core.environment[0m [1;30mLevel 1[0m checking '/home/cui/Desktop/arm_ws/install/robotic_arm' for CMake config files
[1.135s] [34mcolcon.colcon_core.shell[0m [1;30mLevel 1[0m create_environment_hook('robotic_arm', 'cmake_prefix_path')
[1.135s] [34mcolcon.colcon_core.shell[0m [1;30mINFO[0m Creating environment hook '/home/cui/Desktop/arm_ws/install/robotic_arm/share/robotic_arm/hook/cmake_prefix_path.ps1'
[1.136s] [34mcolcon.colcon_core.shell[0m [1;30mINFO[0m Creating environment descriptor '/home/cui/Desktop/arm_ws/install/robotic_arm/share/robotic_arm/hook/cmake_prefix_path.dsv'
[1.136s] [34mcolcon.colcon_core.shell[0m [1;30mINFO[0m Creating environment hook '/home/cui/Desktop/arm_ws/install/robotic_arm/share/robotic_arm/hook/cmake_prefix_path.sh'
[1.137s] [34mcolcon.colcon_core.environment[0m [1;30mLevel 1[0m checking '/home/cui/Desktop/arm_ws/install/robotic_arm/bin'
[1.137s] [34mcolcon.colcon_core.environment[0m [1;30mLevel 1[0m checking '/home/cui/Desktop/arm_ws/install/robotic_arm/lib/pkgconfig/robotic_arm.pc'
[1.137s] [34mcolcon.colcon_core.environment[0m [1;30mLevel 1[0m checking '/home/cui/Desktop/arm_ws/install/robotic_arm/lib/python3.10/site-packages'
[1.137s] [34mcolcon.colcon_core.environment[0m [1;30mLevel 1[0m checking '/home/cui/Desktop/arm_ws/install/robotic_arm/bin'
[1.137s] [34mcolcon.colcon_core.shell[0m [1;30mINFO[0m Creating package script '/home/cui/Desktop/arm_ws/install/robotic_arm/share/robotic_arm/package.ps1'
[1.138s] [34mcolcon.colcon_core.shell[0m [1;30mINFO[0m Creating package descriptor '/home/cui/Desktop/arm_ws/install/robotic_arm/share/robotic_arm/package.dsv'
[1.138s] [34mcolcon.colcon_core.shell[0m [1;30mINFO[0m Creating package script '/home/cui/Desktop/arm_ws/install/robotic_arm/share/robotic_arm/package.sh'
[1.138s] [34mcolcon.colcon_core.shell[0m [1;30mINFO[0m Creating package script '/home/cui/Desktop/arm_ws/install/robotic_arm/share/robotic_arm/package.bash'
[1.139s] [34mcolcon.colcon_core.shell[0m [1;30mINFO[0m Creating package script '/home/cui/Desktop/arm_ws/install/robotic_arm/share/robotic_arm/package.zsh'
[1.139s] [34mcolcon.colcon_core.environment[0m [1;30mLevel 1[0m create_file_with_runtime_dependencies(/home/cui/Desktop/arm_ws/install/robotic_arm/share/colcon-core/packages/robotic_arm)
[1.140s] [34mcolcon.colcon_core.environment[0m [1;30mLevel 1[0m create_environment_scripts_only(robotic_arm)
[1.140s] [34mcolcon.colcon_core.environment[0m [1;30mLevel 1[0m checking '/home/cui/Desktop/arm_ws/install/robotic_arm' for CMake module files
[1.140s] [34mcolcon.colcon_core.environment[0m [1;30mLevel 1[0m checking '/home/cui/Desktop/arm_ws/install/robotic_arm' for CMake config files
[1.140s] [34mcolcon.colcon_core.shell[0m [1;30mLevel 1[0m create_environment_hook('robotic_arm', 'cmake_prefix_path')
[1.140s] [34mcolcon.colcon_core.shell[0m [1;30mINFO[0m Creating environment hook '/home/cui/Desktop/arm_ws/install/robotic_arm/share/robotic_arm/hook/cmake_prefix_path.ps1'
[1.141s] [34mcolcon.colcon_core.shell[0m [1;30mINFO[0m Creating environment descriptor '/home/cui/Desktop/arm_ws/install/robotic_arm/share/robotic_arm/hook/cmake_prefix_path.dsv'
[1.141s] [34mcolcon.colcon_core.shell[0m [1;30mINFO[0m Creating environment hook '/home/cui/Desktop/arm_ws/install/robotic_arm/share/robotic_arm/hook/cmake_prefix_path.sh'
[1.141s] [34mcolcon.colcon_core.environment[0m [1;30mLevel 1[0m checking '/home/cui/Desktop/arm_ws/install/robotic_arm/bin'
[1.141s] [34mcolcon.colcon_core.environment[0m [1;30mLevel 1[0m checking '/home/cui/Desktop/arm_ws/install/robotic_arm/lib/pkgconfig/robotic_arm.pc'
[1.141s] [34mcolcon.colcon_core.environment[0m [1;30mLevel 1[0m checking '/home/cui/Desktop/arm_ws/install/robotic_arm/lib/python3.10/site-packages'
[1.142s] [34mcolcon.colcon_core.environment[0m [1;30mLevel 1[0m checking '/home/cui/Desktop/arm_ws/install/robotic_arm/bin'
[1.142s] [34mcolcon.colcon_core.shell[0m [1;30mINFO[0m Creating package script '/home/cui/Desktop/arm_ws/install/robotic_arm/share/robotic_arm/package.ps1'
[1.142s] [34mcolcon.colcon_core.shell[0m [1;30mINFO[0m Creating package descriptor '/home/cui/Desktop/arm_ws/install/robotic_arm/share/robotic_arm/package.dsv'
[1.142s] [34mcolcon.colcon_core.shell[0m [1;30mINFO[0m Creating package script '/home/cui/Desktop/arm_ws/install/robotic_arm/share/robotic_arm/package.sh'
[1.143s] [34mcolcon.colcon_core.shell[0m [1;30mINFO[0m Creating package script '/home/cui/Desktop/arm_ws/install/robotic_arm/share/robotic_arm/package.bash'
[1.143s] [34mcolcon.colcon_core.shell[0m [1;30mINFO[0m Creating package script '/home/cui/Desktop/arm_ws/install/robotic_arm/share/robotic_arm/package.zsh'
[1.143s] [34mcolcon.colcon_core.environment[0m [1;30mLevel 1[0m create_file_with_runtime_dependencies(/home/cui/Desktop/arm_ws/install/robotic_arm/share/colcon-core/packages/robotic_arm)
[2.074s] [34mcolcon.colcon_core.event_handler.log_command[0m [1;30mDEBUG[0m [32mInvoked command in '/home/cui/Desktop/arm_ws/build/robot_interfaces' returned '0': CMAKE_PREFIX_PATH=${CMAKE_PREFIX_PATH}:/opt/ros/humble /usr/bin/cmake /home/cui/Desktop/arm_ws/src/robot_interfaces -DCMAKE_INSTALL_PREFIX=/home/cui/Desktop/arm_ws/install/robot_interfaces[0m
[2.075s] [34mcolcon.colcon_core.event_handler.log_command[0m [1;30mDEBUG[0m [32mInvoking command in '/home/cui/Desktop/arm_ws/build/robot_interfaces': CMAKE_PREFIX_PATH=${CMAKE_PREFIX_PATH}:/opt/ros/humble /usr/bin/cmake --build /home/cui/Desktop/arm_ws/build/robot_interfaces -- -j32 -l32[0m
[4.094s] [34mcolcon.colcon_core.event_handler.log_command[0m [1;30mDEBUG[0m [32mInvoked command in '/home/cui/Desktop/arm_ws/build/robot_interfaces' returned '0': CMAKE_PREFIX_PATH=${CMAKE_PREFIX_PATH}:/opt/ros/humble /usr/bin/cmake --build /home/cui/Desktop/arm_ws/build/robot_interfaces -- -j32 -l32[0m
[4.095s] [34mcolcon.colcon_core.event_handler.log_command[0m [1;30mDEBUG[0m [32mInvoking command in '/home/cui/Desktop/arm_ws/build/robot_interfaces': CMAKE_PREFIX_PATH=${CMAKE_PREFIX_PATH}:/opt/ros/humble /usr/bin/cmake --install /home/cui/Desktop/arm_ws/build/robot_interfaces[0m
[4.147s] [34mcolcon.colcon_core.environment[0m [1;30mLevel 1[0m create_environment_scripts_only(robot_interfaces)
[4.147s] [34mcolcon.colcon_core.environment[0m [1;30mLevel 1[0m checking '/home/cui/Desktop/arm_ws/install/robot_interfaces' for CMake module files
[4.147s] [34mcolcon.colcon_core.event_handler.log_command[0m [1;30mDEBUG[0m [32mInvoked command in '/home/cui/Desktop/arm_ws/build/robot_interfaces' returned '0': CMAKE_PREFIX_PATH=${CMAKE_PREFIX_PATH}:/opt/ros/humble /usr/bin/cmake --install /home/cui/Desktop/arm_ws/build/robot_interfaces[0m
[4.148s] [34mcolcon.colcon_core.environment[0m [1;30mLevel 1[0m checking '/home/cui/Desktop/arm_ws/install/robot_interfaces' for CMake config files
[4.148s] [34mcolcon.colcon_core.shell[0m [1;30mLevel 1[0m create_environment_hook('robot_interfaces', 'cmake_prefix_path')
[4.148s] [34mcolcon.colcon_core.shell[0m [1;30mINFO[0m Creating environment hook '/home/cui/Desktop/arm_ws/install/robot_interfaces/share/robot_interfaces/hook/cmake_prefix_path.ps1'
[4.148s] [34mcolcon.colcon_core.shell[0m [1;30mINFO[0m Creating environment descriptor '/home/cui/Desktop/arm_ws/install/robot_interfaces/share/robot_interfaces/hook/cmake_prefix_path.dsv'
[4.149s] [34mcolcon.colcon_core.shell[0m [1;30mINFO[0m Creating environment hook '/home/cui/Desktop/arm_ws/install/robot_interfaces/share/robot_interfaces/hook/cmake_prefix_path.sh'
[4.149s] [34mcolcon.colcon_core.environment[0m [1;30mLevel 1[0m checking '/home/cui/Desktop/arm_ws/install/robot_interfaces/lib'
[4.149s] [34mcolcon.colcon_core.shell[0m [1;30mLevel 1[0m create_environment_hook('robot_interfaces', 'ld_library_path_lib')
[4.149s] [34mcolcon.colcon_core.shell[0m [1;30mINFO[0m Creating environment hook '/home/cui/Desktop/arm_ws/install/robot_interfaces/share/robot_interfaces/hook/ld_library_path_lib.ps1'
[4.149s] [34mcolcon.colcon_core.shell[0m [1;30mINFO[0m Creating environment descriptor '/home/cui/Desktop/arm_ws/install/robot_interfaces/share/robot_interfaces/hook/ld_library_path_lib.dsv'
[4.150s] [34mcolcon.colcon_core.shell[0m [1;30mINFO[0m Creating environment hook '/home/cui/Desktop/arm_ws/install/robot_interfaces/share/robot_interfaces/hook/ld_library_path_lib.sh'
[4.150s] [34mcolcon.colcon_core.environment[0m [1;30mLevel 1[0m checking '/home/cui/Desktop/arm_ws/install/robot_interfaces/bin'
[4.150s] [34mcolcon.colcon_core.environment[0m [1;30mLevel 1[0m checking '/home/cui/Desktop/arm_ws/install/robot_interfaces/lib/pkgconfig/robot_interfaces.pc'
[4.150s] [34mcolcon.colcon_core.environment[0m [1;30mLevel 1[0m checking '/home/cui/Desktop/arm_ws/install/robot_interfaces/lib/python3.10/site-packages'
[4.150s] [34mcolcon.colcon_core.environment[0m [1;30mLevel 1[0m checking '/home/cui/Desktop/arm_ws/install/robot_interfaces/bin'
[4.150s] [34mcolcon.colcon_core.shell[0m [1;30mINFO[0m Creating package script '/home/cui/Desktop/arm_ws/install/robot_interfaces/share/robot_interfaces/package.ps1'
[4.151s] [34mcolcon.colcon_core.shell[0m [1;30mINFO[0m Creating package descriptor '/home/cui/Desktop/arm_ws/install/robot_interfaces/share/robot_interfaces/package.dsv'
[4.151s] [34mcolcon.colcon_core.shell[0m [1;30mINFO[0m Creating package script '/home/cui/Desktop/arm_ws/install/robot_interfaces/share/robot_interfaces/package.sh'
[4.151s] [34mcolcon.colcon_core.shell[0m [1;30mINFO[0m Creating package script '/home/cui/Desktop/arm_ws/install/robot_interfaces/share/robot_interfaces/package.bash'
[4.152s] [34mcolcon.colcon_core.shell[0m [1;30mINFO[0m Creating package script '/home/cui/Desktop/arm_ws/install/robot_interfaces/share/robot_interfaces/package.zsh'
[4.152s] [34mcolcon.colcon_core.environment[0m [1;30mLevel 1[0m create_file_with_runtime_dependencies(/home/cui/Desktop/arm_ws/install/robot_interfaces/share/colcon-core/packages/robot_interfaces)
[4.152s] [34mcolcon.colcon_core.environment[0m [1;30mLevel 1[0m create_environment_scripts_only(robot_interfaces)
[4.152s] [34mcolcon.colcon_core.environment[0m [1;30mLevel 1[0m checking '/home/cui/Desktop/arm_ws/install/robot_interfaces' for CMake module files
[4.153s] [34mcolcon.colcon_core.environment[0m [1;30mLevel 1[0m checking '/home/cui/Desktop/arm_ws/install/robot_interfaces' for CMake config files
[4.153s] [34mcolcon.colcon_core.shell[0m [1;30mLevel 1[0m create_environment_hook('robot_interfaces', 'cmake_prefix_path')
[4.153s] [34mcolcon.colcon_core.shell[0m [1;30mINFO[0m Creating environment hook '/home/cui/Desktop/arm_ws/install/robot_interfaces/share/robot_interfaces/hook/cmake_prefix_path.ps1'
[4.153s] [34mcolcon.colcon_core.shell[0m [1;30mINFO[0m Creating environment descriptor '/home/cui/Desktop/arm_ws/install/robot_interfaces/share/robot_interfaces/hook/cmake_prefix_path.dsv'
[4.153s] [34mcolcon.colcon_core.shell[0m [1;30mINFO[0m Creating environment hook '/home/cui/Desktop/arm_ws/install/robot_interfaces/share/robot_interfaces/hook/cmake_prefix_path.sh'
[4.154s] [34mcolcon.colcon_core.environment[0m [1;30mLevel 1[0m checking '/home/cui/Desktop/arm_ws/install/robot_interfaces/lib'
[4.154s] [34mcolcon.colcon_core.shell[0m [1;30mLevel 1[0m create_environment_hook('robot_interfaces', 'ld_library_path_lib')
[4.154s] [34mcolcon.colcon_core.shell[0m [1;30mINFO[0m Creating environment hook '/home/cui/Desktop/arm_ws/install/robot_interfaces/share/robot_interfaces/hook/ld_library_path_lib.ps1'
[4.154s] [34mcolcon.colcon_core.shell[0m [1;30mINFO[0m Creating environment descriptor '/home/cui/Desktop/arm_ws/install/robot_interfaces/share/robot_interfaces/hook/ld_library_path_lib.dsv'
[4.154s] [34mcolcon.colcon_core.shell[0m [1;30mINFO[0m Creating environment hook '/home/cui/Desktop/arm_ws/install/robot_interfaces/share/robot_interfaces/hook/ld_library_path_lib.sh'
[4.155s] [34mcolcon.colcon_core.environment[0m [1;30mLevel 1[0m checking '/home/cui/Desktop/arm_ws/install/robot_interfaces/bin'
[4.155s] [34mcolcon.colcon_core.environment[0m [1;30mLevel 1[0m checking '/home/cui/Desktop/arm_ws/install/robot_interfaces/lib/pkgconfig/robot_interfaces.pc'
[4.155s] [34mcolcon.colcon_core.environment[0m [1;30mLevel 1[0m checking '/home/cui/Desktop/arm_ws/install/robot_interfaces/lib/python3.10/site-packages'
[4.155s] [34mcolcon.colcon_core.environment[0m [1;30mLevel 1[0m checking '/home/cui/Desktop/arm_ws/install/robot_interfaces/bin'
[4.155s] [34mcolcon.colcon_core.shell[0m [1;30mINFO[0m Creating package script '/home/cui/Desktop/arm_ws/install/robot_interfaces/share/robot_interfaces/package.ps1'
[4.155s] [34mcolcon.colcon_core.shell[0m [1;30mINFO[0m Creating package descriptor '/home/cui/Desktop/arm_ws/install/robot_interfaces/share/robot_interfaces/package.dsv'
[4.156s] [34mcolcon.colcon_core.shell[0m [1;30mINFO[0m Creating package script '/home/cui/Desktop/arm_ws/install/robot_interfaces/share/robot_interfaces/package.sh'
[4.156s] [34mcolcon.colcon_core.shell[0m [1;30mINFO[0m Creating package script '/home/cui/Desktop/arm_ws/install/robot_interfaces/share/robot_interfaces/package.bash'
[4.156s] [34mcolcon.colcon_core.shell[0m [1;30mINFO[0m Creating package script '/home/cui/Desktop/arm_ws/install/robot_interfaces/share/robot_interfaces/package.zsh'
[4.156s] [34mcolcon.colcon_core.environment[0m [1;30mLevel 1[0m create_file_with_runtime_dependencies(/home/cui/Desktop/arm_ws/install/robot_interfaces/share/colcon-core/packages/robot_interfaces)
[4.157s] [34mcolcon.colcon_ros.task.ament_cmake.build[0m [1;30mINFO[0m Building ROS package in '/home/cui/Desktop/arm_ws/src/pnp_ros' with build type 'ament_cmake'
[4.157s] [34mcolcon.colcon_cmake.task.cmake.build[0m [1;30mINFO[0m Building CMake package in '/home/cui/Desktop/arm_ws/src/pnp_ros'
[4.157s] [34mcolcon.colcon_core.shell[0m [1;30mINFO[0m Skip shell extension 'powershell' for command environment: Not usable outside of PowerShell
[4.157s] [34mcolcon.colcon_core.shell[0m [1;30mDEBUG[0m [32mSkip shell extension 'dsv' for command environment[0m
[4.167s] [34mcolcon.colcon_core.event_handler.log_command[0m [1;30mDEBUG[0m [32mInvoking command in '/home/cui/Desktop/arm_ws/build/pnp_ros': CMAKE_PREFIX_PATH=/home/cui/Desktop/arm_ws/install/robot_interfaces:/home/cui/Desktop/arm_ws/install/pnp_ros:/opt/ros/humble LD_LIBRARY_PATH=/home/cui/Desktop/arm_ws/install/robot_interfaces/lib:/usr/local/cuda-13.0/lib64:/usr/local/cuda-13.0/lib64:/usr/local/cuda-13.0/lib64:/opt/intel/l_openvino_toolkit_ubuntu20_2024.6.0.17404.4c0f47d2335_x86_64/runtime/3rdparty/tbb/lib:/opt/intel/l_openvino_toolkit_ubuntu20_2024.6.0.17404.4c0f47d2335_x86_64/runtime/lib/intel64:/opt/ros/humble/opt/rviz_ogre_vendor/lib:/opt/ros/humble/lib/x86_64-linux-gnu:/opt/ros/humble/lib:/opt/MVS/lib/64:/opt/MVS/lib/32 /usr/bin/cmake /home/cui/Desktop/arm_ws/src/pnp_ros -DCMAKE_INSTALL_PREFIX=/home/cui/Desktop/arm_ws/install/pnp_ros[0m
[5.512s] [34mcolcon.colcon_core.event_handler.log_command[0m [1;30mDEBUG[0m [32mInvoked command in '/home/cui/Desktop/arm_ws/build/pnp_ros' returned '0': CMAKE_PREFIX_PATH=/home/cui/Desktop/arm_ws/install/robot_interfaces:/home/cui/Desktop/arm_ws/install/pnp_ros:/opt/ros/humble LD_LIBRARY_PATH=/home/cui/Desktop/arm_ws/install/robot_interfaces/lib:/usr/local/cuda-13.0/lib64:/usr/local/cuda-13.0/lib64:/usr/local/cuda-13.0/lib64:/opt/intel/l_openvino_toolkit_ubuntu20_2024.6.0.17404.4c0f47d2335_x86_64/runtime/3rdparty/tbb/lib:/opt/intel/l_openvino_toolkit_ubuntu20_2024.6.0.17404.4c0f47d2335_x86_64/runtime/lib/intel64:/opt/ros/humble/opt/rviz_ogre_vendor/lib:/opt/ros/humble/lib/x86_64-linux-gnu:/opt/ros/humble/lib:/opt/MVS/lib/64:/opt/MVS/lib/32 /usr/bin/cmake /home/cui/Desktop/arm_ws/src/pnp_ros -DCMAKE_INSTALL_PREFIX=/home/cui/Desktop/arm_ws/install/pnp_ros[0m
[5.513s] [34mcolcon.colcon_core.event_handler.log_command[0m [1;30mDEBUG[0m [32mInvoking command in '/home/cui/Desktop/arm_ws/build/pnp_ros': CMAKE_PREFIX_PATH=/home/cui/Desktop/arm_ws/install/robot_interfaces:/home/cui/Desktop/arm_ws/install/pnp_ros:/opt/ros/humble LD_LIBRARY_PATH=/home/cui/Desktop/arm_ws/install/robot_interfaces/lib:/usr/local/cuda-13.0/lib64:/usr/local/cuda-13.0/lib64:/usr/local/cuda-13.0/lib64:/opt/intel/l_openvino_toolkit_ubuntu20_2024.6.0.17404.4c0f47d2335_x86_64/runtime/3rdparty/tbb/lib:/opt/intel/l_openvino_toolkit_ubuntu20_2024.6.0.17404.4c0f47d2335_x86_64/runtime/lib/intel64:/opt/ros/humble/opt/rviz_ogre_vendor/lib:/opt/ros/humble/lib/x86_64-linux-gnu:/opt/ros/humble/lib:/opt/MVS/lib/64:/opt/MVS/lib/32 /usr/bin/cmake --build /home/cui/Desktop/arm_ws/build/pnp_ros -- -j32 -l32[0m
[11.532s] [34mcolcon.colcon_core.event_handler.log_command[0m [1;30mDEBUG[0m [32mInvoked command in '/home/cui/Desktop/arm_ws/build/pnp_ros' returned '0': CMAKE_PREFIX_PATH=/home/cui/Desktop/arm_ws/install/robot_interfaces:/home/cui/Desktop/arm_ws/install/pnp_ros:/opt/ros/humble LD_LIBRARY_PATH=/home/cui/Desktop/arm_ws/install/robot_interfaces/lib:/usr/local/cuda-13.0/lib64:/usr/local/cuda-13.0/lib64:/usr/local/cuda-13.0/lib64:/opt/intel/l_openvino_toolkit_ubuntu20_2024.6.0.17404.4c0f47d2335_x86_64/runtime/3rdparty/tbb/lib:/opt/intel/l_openvino_toolkit_ubuntu20_2024.6.0.17404.4c0f47d2335_x86_64/runtime/lib/intel64:/opt/ros/humble/opt/rviz_ogre_vendor/lib:/opt/ros/humble/lib/x86_64-linux-gnu:/opt/ros/humble/lib:/opt/MVS/lib/64:/opt/MVS/lib/32 /usr/bin/cmake --build /home/cui/Desktop/arm_ws/build/pnp_ros -- -j32 -l32[0m
[11.533s] [34mcolcon.colcon_core.event_handler.log_command[0m [1;30mDEBUG[0m [32mInvoking command in '/home/cui/Desktop/arm_ws/build/pnp_ros': CMAKE_PREFIX_PATH=/home/cui/Desktop/arm_ws/install/robot_interfaces:/home/cui/Desktop/arm_ws/install/pnp_ros:/opt/ros/humble LD_LIBRARY_PATH=/home/cui/Desktop/arm_ws/install/robot_interfaces/lib:/usr/local/cuda-13.0/lib64:/usr/local/cuda-13.0/lib64:/usr/local/cuda-13.0/lib64:/opt/intel/l_openvino_toolkit_ubuntu20_2024.6.0.17404.4c0f47d2335_x86_64/runtime/3rdparty/tbb/lib:/opt/intel/l_openvino_toolkit_ubuntu20_2024.6.0.17404.4c0f47d2335_x86_64/runtime/lib/intel64:/opt/ros/humble/opt/rviz_ogre_vendor/lib:/opt/ros/humble/lib/x86_64-linux-gnu:/opt/ros/humble/lib:/opt/MVS/lib/64:/opt/MVS/lib/32 /usr/bin/cmake --install /home/cui/Desktop/arm_ws/build/pnp_ros[0m
[11.545s] [34mcolcon.colcon_core.environment[0m [1;30mLevel 1[0m create_environment_scripts_only(pnp_ros)
[11.545s] [34mcolcon.colcon_core.environment[0m [1;30mLevel 1[0m checking '/home/cui/Desktop/arm_ws/install/pnp_ros' for CMake module files
[11.546s] [34mcolcon.colcon_core.event_handler.log_command[0m [1;30mDEBUG[0m [32mInvoked command in '/home/cui/Desktop/arm_ws/build/pnp_ros' returned '0': CMAKE_PREFIX_PATH=/home/cui/Desktop/arm_ws/install/robot_interfaces:/home/cui/Desktop/arm_ws/install/pnp_ros:/opt/ros/humble LD_LIBRARY_PATH=/home/cui/Desktop/arm_ws/install/robot_interfaces/lib:/usr/local/cuda-13.0/lib64:/usr/local/cuda-13.0/lib64:/usr/local/cuda-13.0/lib64:/opt/intel/l_openvino_toolkit_ubuntu20_2024.6.0.17404.4c0f47d2335_x86_64/runtime/3rdparty/tbb/lib:/opt/intel/l_openvino_toolkit_ubuntu20_2024.6.0.17404.4c0f47d2335_x86_64/runtime/lib/intel64:/opt/ros/humble/opt/rviz_ogre_vendor/lib:/opt/ros/humble/lib/x86_64-linux-gnu:/opt/ros/humble/lib:/opt/MVS/lib/64:/opt/MVS/lib/32 /usr/bin/cmake --install /home/cui/Desktop/arm_ws/build/pnp_ros[0m
[11.546s] [34mcolcon.colcon_core.environment[0m [1;30mLevel 1[0m checking '/home/cui/Desktop/arm_ws/install/pnp_ros' for CMake config files
[11.546s] [34mcolcon.colcon_core.shell[0m [1;30mLevel 1[0m create_environment_hook('pnp_ros', 'cmake_prefix_path')
[11.546s] [34mcolcon.colcon_core.shell[0m [1;30mINFO[0m Creating environment hook '/home/cui/Desktop/arm_ws/install/pnp_ros/share/pnp_ros/hook/cmake_prefix_path.ps1'
[11.547s] [34mcolcon.colcon_core.shell[0m [1;30mINFO[0m Creating environment descriptor '/home/cui/Desktop/arm_ws/install/pnp_ros/share/pnp_ros/hook/cmake_prefix_path.dsv'
[11.547s] [34mcolcon.colcon_core.shell[0m [1;30mINFO[0m Creating environment hook '/home/cui/Desktop/arm_ws/install/pnp_ros/share/pnp_ros/hook/cmake_prefix_path.sh'
[11.547s] [34mcolcon.colcon_core.environment[0m [1;30mLevel 1[0m checking '/home/cui/Desktop/arm_ws/install/pnp_ros/lib'
[11.547s] [34mcolcon.colcon_core.environment[0m [1;30mLevel 1[0m checking '/home/cui/Desktop/arm_ws/install/pnp_ros/bin'
[11.547s] [34mcolcon.colcon_core.environment[0m [1;30mLevel 1[0m checking '/home/cui/Desktop/arm_ws/install/pnp_ros/lib/pkgconfig/pnp_ros.pc'
[11.547s] [34mcolcon.colcon_core.environment[0m [1;30mLevel 1[0m checking '/home/cui/Desktop/arm_ws/install/pnp_ros/lib/python3.10/site-packages'
[11.548s] [34mcolcon.colcon_core.environment[0m [1;30mLevel 1[0m checking '/home/cui/Desktop/arm_ws/install/pnp_ros/bin'
[11.548s] [34mcolcon.colcon_core.shell[0m [1;30mINFO[0m Creating package script '/home/cui/Desktop/arm_ws/install/pnp_ros/share/pnp_ros/package.ps1'
[11.548s] [34mcolcon.colcon_core.shell[0m [1;30mINFO[0m Creating package descriptor '/home/cui/Desktop/arm_ws/install/pnp_ros/share/pnp_ros/package.dsv'
[11.549s] [34mcolcon.colcon_core.shell[0m [1;30mINFO[0m Creating package script '/home/cui/Desktop/arm_ws/install/pnp_ros/share/pnp_ros/package.sh'
[11.549s] [34mcolcon.colcon_core.shell[0m [1;30mINFO[0m Creating package script '/home/cui/Desktop/arm_ws/install/pnp_ros/share/pnp_ros/package.bash'
[11.549s] [34mcolcon.colcon_core.shell[0m [1;30mINFO[0m Creating package script '/home/cui/Desktop/arm_ws/install/pnp_ros/share/pnp_ros/package.zsh'
[11.549s] [34mcolcon.colcon_core.environment[0m [1;30mLevel 1[0m create_file_with_runtime_dependencies(/home/cui/Desktop/arm_ws/install/pnp_ros/share/colcon-core/packages/pnp_ros)
[11.550s] [34mcolcon.colcon_core.environment[0m [1;30mLevel 1[0m create_environment_scripts_only(pnp_ros)
[11.550s] [34mcolcon.colcon_core.environment[0m [1;30mLevel 1[0m checking '/home/cui/Desktop/arm_ws/install/pnp_ros' for CMake module files
[11.550s] [34mcolcon.colcon_core.environment[0m [1;30mLevel 1[0m checking '/home/cui/Desktop/arm_ws/install/pnp_ros' for CMake config files
[11.550s] [34mcolcon.colcon_core.shell[0m [1;30mLevel 1[0m create_environment_hook('pnp_ros', 'cmake_prefix_path')
[11.550s] [34mcolcon.colcon_core.shell[0m [1;30mINFO[0m Creating environment hook '/home/cui/Desktop/arm_ws/install/pnp_ros/share/pnp_ros/hook/cmake_prefix_path.ps1'
[11.551s] [34mcolcon.colcon_core.shell[0m [1;30mINFO[0m Creating environment descriptor '/home/cui/Desktop/arm_ws/install/pnp_ros/share/pnp_ros/hook/cmake_prefix_path.dsv'
[11.551s] [34mcolcon.colcon_core.shell[0m [1;30mINFO[0m Creating environment hook '/home/cui/Desktop/arm_ws/install/pnp_ros/share/pnp_ros/hook/cmake_prefix_path.sh'
[11.551s] [34mcolcon.colcon_core.environment[0m [1;30mLevel 1[0m checking '/home/cui/Desktop/arm_ws/install/pnp_ros/lib'
[11.551s] [34mcolcon.colcon_core.environment[0m [1;30mLevel 1[0m checking '/home/cui/Desktop/arm_ws/install/pnp_ros/bin'
[11.551s] [34mcolcon.colcon_core.environment[0m [1;30mLevel 1[0m checking '/home/cui/Desktop/arm_ws/install/pnp_ros/lib/pkgconfig/pnp_ros.pc'
[11.551s] [34mcolcon.colcon_core.environment[0m [1;30mLevel 1[0m checking '/home/cui/Desktop/arm_ws/install/pnp_ros/lib/python3.10/site-packages'
[11.552s] [34mcolcon.colcon_core.environment[0m [1;30mLevel 1[0m checking '/home/cui/Desktop/arm_ws/install/pnp_ros/bin'
[11.552s] [34mcolcon.colcon_core.shell[0m [1;30mINFO[0m Creating package script '/home/cui/Desktop/arm_ws/install/pnp_ros/share/pnp_ros/package.ps1'
[11.552s] [34mcolcon.colcon_core.shell[0m [1;30mINFO[0m Creating package descriptor '/home/cui/Desktop/arm_ws/install/pnp_ros/share/pnp_ros/package.dsv'
[11.553s] [34mcolcon.colcon_core.shell[0m [1;30mINFO[0m Creating package script '/home/cui/Desktop/arm_ws/install/pnp_ros/share/pnp_ros/package.sh'
[11.553s] [34mcolcon.colcon_core.shell[0m [1;30mINFO[0m Creating package script '/home/cui/Desktop/arm_ws/install/pnp_ros/share/pnp_ros/package.bash'
[11.553s] [34mcolcon.colcon_core.shell[0m [1;30mINFO[0m Creating package script '/home/cui/Desktop/arm_ws/install/pnp_ros/share/pnp_ros/package.zsh'
[11.553s] [34mcolcon.colcon_core.environment[0m [1;30mLevel 1[0m create_file_with_runtime_dependencies(/home/cui/Desktop/arm_ws/install/pnp_ros/share/colcon-core/packages/pnp_ros)
[11.553s] [34mcolcon.colcon_parallel_executor.executor.parallel[0m [1;30mDEBUG[0m [32mclosing loop[0m
[11.554s] [34mcolcon.colcon_parallel_executor.executor.parallel[0m [1;30mDEBUG[0m [32mloop closed[0m
[11.554s] [34mcolcon.colcon_parallel_executor.executor.parallel[0m [1;30mDEBUG[0m [32mrun_until_complete finished with '0'[0m
[11.554s] [34mcolcon.colcon_core.event_reactor[0m [1;30mDEBUG[0m [32mjoining thread[0m
[11.558s] [34mcolcon.colcon_core.plugin_system[0m [1;30mINFO[0m Skipping extension 'colcon_notification.desktop_notification.terminal_notifier': Not used on non-Darwin systems
[11.558s] [34mcolcon.colcon_core.plugin_system[0m [1;30mINFO[0m Skipping extension 'colcon_notification.desktop_notification.win32': Not used on non-Windows systems
[11.558s] [34mcolcon.colcon_notification.desktop_notification[0m [1;30mINFO[0m Sending desktop notification using 'notify2'
[11.571s] [34mcolcon.colcon_core.event_reactor[0m [1;30mDEBUG[0m [32mjoined thread[0m
[11.572s] [34mcolcon.colcon_core.shell[0m [1;30mINFO[0m Creating prefix script '/home/cui/Desktop/arm_ws/install/local_setup.ps1'
[11.573s] [34mcolcon.colcon_core.shell[0m [1;30mINFO[0m Creating prefix util module '/home/cui/Desktop/arm_ws/install/_local_setup_util_ps1.py'
[11.573s] [34mcolcon.colcon_core.shell[0m [1;30mINFO[0m Creating prefix chain script '/home/cui/Desktop/arm_ws/install/setup.ps1'
[11.574s] [34mcolcon.colcon_core.shell[0m [1;30mINFO[0m Creating prefix script '/home/cui/Desktop/arm_ws/install/local_setup.sh'
[11.574s] [34mcolcon.colcon_core.shell[0m [1;30mINFO[0m Creating prefix util module '/home/cui/Desktop/arm_ws/install/_local_setup_util_sh.py'
[11.575s] [34mcolcon.colcon_core.shell[0m [1;30mINFO[0m Creating prefix chain script '/home/cui/Desktop/arm_ws/install/setup.sh'
[11.575s] [34mcolcon.colcon_core.shell[0m [1;30mINFO[0m Creating prefix script '/home/cui/Desktop/arm_ws/install/local_setup.bash'
[11.576s] [34mcolcon.colcon_core.shell[0m [1;30mINFO[0m Creating prefix chain script '/home/cui/Desktop/arm_ws/install/setup.bash'
[11.576s] [34mcolcon.colcon_core.shell[0m [1;30mINFO[0m Creating prefix script '/home/cui/Desktop/arm_ws/install/local_setup.zsh'
[11.577s] [34mcolcon.colcon_core.shell[0m [1;30mINFO[0m Creating prefix chain script '/home/cui/Desktop/arm_ws/install/setup.zsh'
