-- The C compiler identification is GNU 11.4.0
-- The CXX compiler identification is GNU 11.4.0
-- Detecting C compiler ABI info
-- Detecting C compiler ABI info - done
-- Check for working C compiler: /usr/bin/cc - skipped
-- Detecting C compile features
-- Detecting C compile features - done
-- Detecting CXX compiler ABI info
-- Detecting CXX compiler ABI info - done
-- Check for working CXX compiler: /usr/bin/c++ - skipped
-- Detecting CXX compile features
-- Detecting CXX compile features - done
-- Found ament_cmake: 1.3.12 (/opt/ros/humble/share/ament_cmake/cmake)
-- Found Python3: /usr/bin/python3 (found version "3.10.12") found components: Interpreter 
-- Found rclcpp: 16.0.18 (/opt/ros/humble/share/rclcpp/cmake)
-- Found rosidl_generator_c: 3.1.8 (/opt/ros/humble/share/rosidl_generator_c/cmake)
-- Found rosidl_adapter: 3.1.8 (/opt/ros/humble/share/rosidl_adapter/cmake)
-- Found rosidl_generator_cpp: 3.1.8 (/opt/ros/humble/share/rosidl_generator_cpp/cmake)
-- Using all available rosidl_typesupport_c: rosidl_typesupport_fastrtps_c;rosidl_typesupport_introspection_c
-- Using all available rosidl_typesupport_cpp: rosidl_typesupport_fastrtps_cpp;rosidl_typesupport_introspection_cpp
-- Found rmw_implementation_cmake: 6.1.2 (/opt/ros/humble/share/rmw_implementation_cmake/cmake)
-- Found rmw_fastrtps_cpp: 6.2.9 (/opt/ros/humble/share/rmw_fastrtps_cpp/cmake)
-- Found OpenSSL: /usr/lib/x86_64-linux-gnu/libcrypto.so (found version "3.0.2")  
-- Found FastRTPS: /opt/ros/humble/include  
-- Using RMW implementation 'rmw_fastrtps_cpp' as default
-- Looking for pthread.h
-- Looking for pthread.h - found
-- Performing Test CMAKE_HAVE_LIBC_PTHREAD
-- Performing Test CMAKE_HAVE_LIBC_PTHREAD - Success
-- Found Threads: TRUE  
-- Found rclcpp_action: 16.0.17 (/opt/ros/humble/share/rclcpp_action/cmake)
-- Found geometry_msgs: 4.9.1 (/opt/ros/humble/share/geometry_msgs/cmake)
-- Found sensor_msgs: 4.9.1 (/opt/ros/humble/share/sensor_msgs/cmake)
-- Found cv_bridge: 3.2.1 (/opt/ros/humble/share/cv_bridge/cmake)
-- Found tf2: 0.25.19 (/opt/ros/humble/share/tf2/cmake)
-- Found tf2_ros: 0.25.19 (/opt/ros/humble/share/tf2_ros/cmake)
-- Found tf2_geometry_msgs: 0.25.19 (/opt/ros/humble/share/tf2_geometry_msgs/cmake)
-- Found eigen3_cmake_module: 0.1.1 (/opt/ros/humble/share/eigen3_cmake_module/cmake)
-- Found Eigen3: TRUE (found version "3.4.0") 
-- Ensuring Eigen3 include directory is part of orocos-kdl CMake target
-- Found robot_interfaces: 0.0.0 (/home/cui/Desktop/arm_ws/install/robot_interfaces/share/robot_interfaces/cmake)
-- Found OpenCV: /usr/local (found version "4.13.0") 
-- Found ament_lint_auto: 0.12.15 (/opt/ros/humble/share/ament_lint_auto/cmake)
-- Added test 'cppcheck' to perform static code analysis on C / C++ code
-- Configured cppcheck include dirs: $<BUILD_INTERFACE:/home/cui/Desktop/arm_ws/src/pnp_ros/include>
-- Configured cppcheck exclude dirs and/or files: 
-- Added test 'lint_cmake' to check CMake code style
-- Added test 'uncrustify' to check C / C++ code style
-- Configured uncrustify additional arguments: 
-- Added test 'xmllint' to check XML markup files
-- Configuring done
-- Generating done
-- Build files have been written to: /home/cui/Desktop/arm_ws/build/pnp_ros
[ 50%] [32mBuilding CXX object CMakeFiles/pnp_ros_node.dir/src/pnp_ros.cpp.o[0m
[100%] [32m[1mLinking CXX executable pnp_ros_node[0m
[100%] Built target pnp_ros_node
-- Install configuration: ""
-- Installing: /home/cui/Desktop/arm_ws/install/pnp_ros/lib/pnp_ros/pnp_ros_node
-- Set runtime path of "/home/cui/Desktop/arm_ws/install/pnp_ros/lib/pnp_ros/pnp_ros_node" to ""
-- Installing: /home/cui/Desktop/arm_ws/install/pnp_ros/share/ament_index/resource_index/package_run_dependencies/pnp_ros
-- Installing: /home/cui/Desktop/arm_ws/install/pnp_ros/share/ament_index/resource_index/parent_prefix_path/pnp_ros
-- Installing: /home/cui/Desktop/arm_ws/install/pnp_ros/share/pnp_ros/environment/ament_prefix_path.sh
-- Installing: /home/cui/Desktop/arm_ws/install/pnp_ros/share/pnp_ros/environment/ament_prefix_path.dsv
-- Installing: /home/cui/Desktop/arm_ws/install/pnp_ros/share/pnp_ros/environment/path.sh
-- Installing: /home/cui/Desktop/arm_ws/install/pnp_ros/share/pnp_ros/environment/path.dsv
-- Installing: /home/cui/Desktop/arm_ws/install/pnp_ros/share/pnp_ros/local_setup.bash
-- Installing: /home/cui/Desktop/arm_ws/install/pnp_ros/share/pnp_ros/local_setup.sh
-- Installing: /home/cui/Desktop/arm_ws/install/pnp_ros/share/pnp_ros/local_setup.zsh
-- Installing: /home/cui/Desktop/arm_ws/install/pnp_ros/share/pnp_ros/local_setup.dsv
-- Installing: /home/cui/Desktop/arm_ws/install/pnp_ros/share/pnp_ros/package.dsv
-- Installing: /home/cui/Desktop/arm_ws/install/pnp_ros/share/ament_index/resource_index/packages/pnp_ros
-- Installing: /home/cui/Desktop/arm_ws/install/pnp_ros/share/pnp_ros/cmake/pnp_rosConfig.cmake
-- Installing: /home/cui/Desktop/arm_ws/install/pnp_ros/share/pnp_ros/cmake/pnp_rosConfig-version.cmake
-- Installing: /home/cui/Desktop/arm_ws/install/pnp_ros/share/pnp_ros/package.xml
