[0.010s] Invoking command in '/home/cui/Desktop/arm_ws/build/pnp_ros': CMAKE_PREFIX_PATH=/home/cui/Desktop/arm_ws/install/robot_interfaces:/home/cui/Desktop/arm_ws/install/pnp_ros:/opt/ros/humble LD_LIBRARY_PATH=/home/cui/Desktop/arm_ws/install/robot_interfaces/lib:/usr/local/cuda-13.0/lib64:/usr/local/cuda-13.0/lib64:/usr/local/cuda-13.0/lib64:/opt/intel/l_openvino_toolkit_ubuntu20_2024.6.0.17404.4c0f47d2335_x86_64/runtime/3rdparty/tbb/lib:/opt/intel/l_openvino_toolkit_ubuntu20_2024.6.0.17404.4c0f47d2335_x86_64/runtime/lib/intel64:/opt/ros/humble/opt/rviz_ogre_vendor/lib:/opt/ros/humble/lib/x86_64-linux-gnu:/opt/ros/humble/lib:/opt/MVS/lib/64:/opt/MVS/lib/32 /usr/bin/cmake /home/cui/Desktop/arm_ws/src/pnp_ros -DCMAKE_INSTALL_PREFIX=/home/cui/Desktop/arm_ws/install/pnp_ros
[0.055s] -- The C compiler identification is GNU 11.4.0
[0.097s] -- The CXX compiler identification is GNU 11.4.0
[0.103s] -- Detecting C compiler ABI info
[0.163s] -- Detecting C compiler ABI info - done
[0.169s] -- Check for working C compiler: /usr/bin/cc - skipped
[0.169s] -- Detecting C compile features
[0.169s] -- Detecting C compile features - done
[0.171s] -- Detecting CXX compiler ABI info
[0.240s] -- Detecting CXX compiler ABI info - done
[0.245s] -- Check for working CXX compiler: /usr/bin/c++ - skipped
[0.245s] -- Detecting CXX compile features
[0.246s] -- Detecting CXX compile features - done
[0.247s] -- Found ament_cmake: 1.3.12 (/opt/ros/humble/share/ament_cmake/cmake)
[0.645s] -- Found Python3: /usr/bin/python3 (found version "3.10.12") found components: Interpreter 
[0.710s] -- Found rclcpp: 16.0.18 (/opt/ros/humble/share/rclcpp/cmake)
[0.754s] -- Found rosidl_generator_c: 3.1.8 (/opt/ros/humble/share/rosidl_generator_c/cmake)
[0.757s] -- Found rosidl_adapter: 3.1.8 (/opt/ros/humble/share/rosidl_adapter/cmake)
[0.762s] -- Found rosidl_generator_cpp: 3.1.8 (/opt/ros/humble/share/rosidl_generator_cpp/cmake)
[0.769s] -- Using all available rosidl_typesupport_c: rosidl_typesupport_fastrtps_c;rosidl_typesupport_introspection_c
[0.779s] -- Using all available rosidl_typesupport_cpp: rosidl_typesupport_fastrtps_cpp;rosidl_typesupport_introspection_cpp
[0.809s] -- Found rmw_implementation_cmake: 6.1.2 (/opt/ros/humble/share/rmw_implementation_cmake/cmake)
[0.811s] -- Found rmw_fastrtps_cpp: 6.2.9 (/opt/ros/humble/share/rmw_fastrtps_cpp/cmake)
[0.890s] -- Found OpenSSL: /usr/lib/x86_64-linux-gnu/libcrypto.so (found version "3.0.2")  
[0.914s] -- Found FastRTPS: /opt/ros/humble/include  
[0.947s] -- Using RMW implementation 'rmw_fastrtps_cpp' as default
[0.954s] -- Looking for pthread.h
[1.020s] -- Looking for pthread.h - found
[1.020s] -- Performing Test CMAKE_HAVE_LIBC_PTHREAD
[1.089s] -- Performing Test CMAKE_HAVE_LIBC_PTHREAD - Success
[1.090s] -- Found Threads: TRUE  
[1.129s] -- Found rclcpp_action: 16.0.17 (/opt/ros/humble/share/rclcpp_action/cmake)
[1.152s] -- Found geometry_msgs: 4.9.1 (/opt/ros/humble/share/geometry_msgs/cmake)
[1.169s] -- Found sensor_msgs: 4.9.1 (/opt/ros/humble/share/sensor_msgs/cmake)
[1.189s] -- Found cv_bridge: 3.2.1 (/opt/ros/humble/share/cv_bridge/cmake)
[1.197s] -- Found tf2: 0.25.19 (/opt/ros/humble/share/tf2/cmake)
[1.205s] -- Found tf2_ros: 0.25.19 (/opt/ros/humble/share/tf2_ros/cmake)
[1.244s] -- Found tf2_geometry_msgs: 0.25.19 (/opt/ros/humble/share/tf2_geometry_msgs/cmake)
[1.253s] -- Found eigen3_cmake_module: 0.1.1 (/opt/ros/humble/share/eigen3_cmake_module/cmake)
[1.254s] -- Found Eigen3: TRUE (found version "3.4.0") 
[1.255s] -- Ensuring Eigen3 include directory is part of orocos-kdl CMake target
[1.256s] -- Found robot_interfaces: 0.0.0 (/home/cui/Desktop/arm_ws/install/robot_interfaces/share/robot_interfaces/cmake)
[1.269s] -- Found OpenCV: /usr/local (found version "4.13.0") 
[1.271s] -- Found ament_lint_auto: 0.12.15 (/opt/ros/humble/share/ament_lint_auto/cmake)
[1.328s] -- Added test 'cppcheck' to perform static code analysis on C / C++ code
[1.328s] -- Configured cppcheck include dirs: $<BUILD_INTERFACE:/home/cui/Desktop/arm_ws/src/pnp_ros/include>
[1.328s] -- Configured cppcheck exclude dirs and/or files: 
[1.328s] -- Added test 'lint_cmake' to check CMake code style
[1.329s] -- Added test 'uncrustify' to check C / C++ code style
[1.329s] -- Configured uncrustify additional arguments: 
[1.329s] -- Added test 'xmllint' to check XML markup files
[1.330s] -- Configuring done
[1.341s] -- Generating done
[1.344s] -- Build files have been written to: /home/cui/Desktop/arm_ws/build/pnp_ros
[1.354s] Invoked command in '/home/cui/Desktop/arm_ws/build/pnp_ros' returned '0': CMAKE_PREFIX_PATH=/home/cui/Desktop/arm_ws/install/robot_interfaces:/home/cui/Desktop/arm_ws/install/pnp_ros:/opt/ros/humble LD_LIBRARY_PATH=/home/cui/Desktop/arm_ws/install/robot_interfaces/lib:/usr/local/cuda-13.0/lib64:/usr/local/cuda-13.0/lib64:/usr/local/cuda-13.0/lib64:/opt/intel/l_openvino_toolkit_ubuntu20_2024.6.0.17404.4c0f47d2335_x86_64/runtime/3rdparty/tbb/lib:/opt/intel/l_openvino_toolkit_ubuntu20_2024.6.0.17404.4c0f47d2335_x86_64/runtime/lib/intel64:/opt/ros/humble/opt/rviz_ogre_vendor/lib:/opt/ros/humble/lib/x86_64-linux-gnu:/opt/ros/humble/lib:/opt/MVS/lib/64:/opt/MVS/lib/32 /usr/bin/cmake /home/cui/Desktop/arm_ws/src/pnp_ros -DCMAKE_INSTALL_PREFIX=/home/cui/Desktop/arm_ws/install/pnp_ros
[1.356s] Invoking command in '/home/cui/Desktop/arm_ws/build/pnp_ros': CMAKE_PREFIX_PATH=/home/cui/Desktop/arm_ws/install/robot_interfaces:/home/cui/Desktop/arm_ws/install/pnp_ros:/opt/ros/humble LD_LIBRARY_PATH=/home/cui/Desktop/arm_ws/install/robot_interfaces/lib:/usr/local/cuda-13.0/lib64:/usr/local/cuda-13.0/lib64:/usr/local/cuda-13.0/lib64:/opt/intel/l_openvino_toolkit_ubuntu20_2024.6.0.17404.4c0f47d2335_x86_64/runtime/3rdparty/tbb/lib:/opt/intel/l_openvino_toolkit_ubuntu20_2024.6.0.17404.4c0f47d2335_x86_64/runtime/lib/intel64:/opt/ros/humble/opt/rviz_ogre_vendor/lib:/opt/ros/humble/lib/x86_64-linux-gnu:/opt/ros/humble/lib:/opt/MVS/lib/64:/opt/MVS/lib/32 /usr/bin/cmake --build /home/cui/Desktop/arm_ws/build/pnp_ros -- -j32 -l32
[1.401s] [ 50%] [32mBuilding CXX object CMakeFiles/pnp_ros_node.dir/src/pnp_ros.cpp.o[0m
[6.950s] [100%] [32m[1mLinking CXX executable pnp_ros_node[0m
[7.363s] [100%] Built target pnp_ros_node
[7.375s] Invoked command in '/home/cui/Desktop/arm_ws/build/pnp_ros' returned '0': CMAKE_PREFIX_PATH=/home/cui/Desktop/arm_ws/install/robot_interfaces:/home/cui/Desktop/arm_ws/install/pnp_ros:/opt/ros/humble LD_LIBRARY_PATH=/home/cui/Desktop/arm_ws/install/robot_interfaces/lib:/usr/local/cuda-13.0/lib64:/usr/local/cuda-13.0/lib64:/usr/local/cuda-13.0/lib64:/opt/intel/l_openvino_toolkit_ubuntu20_2024.6.0.17404.4c0f47d2335_x86_64/runtime/3rdparty/tbb/lib:/opt/intel/l_openvino_toolkit_ubuntu20_2024.6.0.17404.4c0f47d2335_x86_64/runtime/lib/intel64:/opt/ros/humble/opt/rviz_ogre_vendor/lib:/opt/ros/humble/lib/x86_64-linux-gnu:/opt/ros/humble/lib:/opt/MVS/lib/64:/opt/MVS/lib/32 /usr/bin/cmake --build /home/cui/Desktop/arm_ws/build/pnp_ros -- -j32 -l32
[7.376s] Invoking command in '/home/cui/Desktop/arm_ws/build/pnp_ros': CMAKE_PREFIX_PATH=/home/cui/Desktop/arm_ws/install/robot_interfaces:/home/cui/Desktop/arm_ws/install/pnp_ros:/opt/ros/humble LD_LIBRARY_PATH=/home/cui/Desktop/arm_ws/install/robot_interfaces/lib:/usr/local/cuda-13.0/lib64:/usr/local/cuda-13.0/lib64:/usr/local/cuda-13.0/lib64:/opt/intel/l_openvino_toolkit_ubuntu20_2024.6.0.17404.4c0f47d2335_x86_64/runtime/3rdparty/tbb/lib:/opt/intel/l_openvino_toolkit_ubuntu20_2024.6.0.17404.4c0f47d2335_x86_64/runtime/lib/intel64:/opt/ros/humble/opt/rviz_ogre_vendor/lib:/opt/ros/humble/lib/x86_64-linux-gnu:/opt/ros/humble/lib:/opt/MVS/lib/64:/opt/MVS/lib/32 /usr/bin/cmake --install /home/cui/Desktop/arm_ws/build/pnp_ros
[7.383s] -- Install configuration: ""
[7.383s] -- Installing: /home/cui/Desktop/arm_ws/install/pnp_ros/lib/pnp_ros/pnp_ros_node
[7.385s] -- Set runtime path of "/home/cui/Desktop/arm_ws/install/pnp_ros/lib/pnp_ros/pnp_ros_node" to ""
[7.385s] -- Installing: /home/cui/Desktop/arm_ws/install/pnp_ros/share/ament_index/resource_index/package_run_dependencies/pnp_ros
[7.385s] -- Installing: /home/cui/Desktop/arm_ws/install/pnp_ros/share/ament_index/resource_index/parent_prefix_path/pnp_ros
[7.385s] -- Installing: /home/cui/Desktop/arm_ws/install/pnp_ros/share/pnp_ros/environment/ament_prefix_path.sh
[7.385s] -- Installing: /home/cui/Desktop/arm_ws/install/pnp_ros/share/pnp_ros/environment/ament_prefix_path.dsv
[7.385s] -- Installing: /home/cui/Desktop/arm_ws/install/pnp_ros/share/pnp_ros/environment/path.sh
[7.385s] -- Installing: /home/cui/Desktop/arm_ws/install/pnp_ros/share/pnp_ros/environment/path.dsv
[7.385s] -- Installing: /home/cui/Desktop/arm_ws/install/pnp_ros/share/pnp_ros/local_setup.bash
[7.385s] -- Installing: /home/cui/Desktop/arm_ws/install/pnp_ros/share/pnp_ros/local_setup.sh
[7.385s] -- Installing: /home/cui/Desktop/arm_ws/install/pnp_ros/share/pnp_ros/local_setup.zsh
[7.385s] -- Installing: /home/cui/Desktop/arm_ws/install/pnp_ros/share/pnp_ros/local_setup.dsv
[7.385s] -- Installing: /home/cui/Desktop/arm_ws/install/pnp_ros/share/pnp_ros/package.dsv
[7.385s] -- Installing: /home/cui/Desktop/arm_ws/install/pnp_ros/share/ament_index/resource_index/packages/pnp_ros
[7.386s] -- Installing: /home/cui/Desktop/arm_ws/install/pnp_ros/share/pnp_ros/cmake/pnp_rosConfig.cmake
[7.386s] -- Installing: /home/cui/Desktop/arm_ws/install/pnp_ros/share/pnp_ros/cmake/pnp_rosConfig-version.cmake
[7.386s] -- Installing: /home/cui/Desktop/arm_ws/install/pnp_ros/share/pnp_ros/package.xml
[7.388s] Invoked command in '/home/cui/Desktop/arm_ws/build/pnp_ros' returned '0': CMAKE_PREFIX_PATH=/home/cui/Desktop/arm_ws/install/robot_interfaces:/home/cui/Desktop/arm_ws/install/pnp_ros:/opt/ros/humble LD_LIBRARY_PATH=/home/cui/Desktop/arm_ws/install/robot_interfaces/lib:/usr/local/cuda-13.0/lib64:/usr/local/cuda-13.0/lib64:/usr/local/cuda-13.0/lib64:/opt/intel/l_openvino_toolkit_ubuntu20_2024.6.0.17404.4c0f47d2335_x86_64/runtime/3rdparty/tbb/lib:/opt/intel/l_openvino_toolkit_ubuntu20_2024.6.0.17404.4c0f47d2335_x86_64/runtime/lib/intel64:/opt/ros/humble/opt/rviz_ogre_vendor/lib:/opt/ros/humble/lib/x86_64-linux-gnu:/opt/ros/humble/lib:/opt/MVS/lib/64:/opt/MVS/lib/32 /usr/bin/cmake --install /home/cui/Desktop/arm_ws/build/pnp_ros
