-- Install configuration: ""
-- Up-to-date: /home/cui/Desktop/arm_ws/install/robotic_arm/share/robotic_arm/urdf
-- Up-to-date: /home/cui/Desktop/arm_ws/install/robotic_arm/share/robotic_arm/urdf/robotic_arm.csv
-- Up-to-date: /home/cui/Desktop/arm_ws/install/robotic_arm/share/robotic_arm/urdf/robotic_arm.urdf
-- Up-to-date: /home/cui/Desktop/arm_ws/install/robotic_arm/share/robotic_arm/urdf/robotic_arm_mujoco.urdf
-- Up-to-date: /home/cui/Desktop/arm_ws/install/robotic_arm/share/robotic_arm/model
-- Up-to-date: /home/cui/Desktop/arm_ws/install/robotic_arm/share/robotic_arm/model/scene.xml
-- Up-to-date: /home/cui/Desktop/arm_ws/install/robotic_arm/share/robotic_arm/model/robotic_arm.xml
-- Up-to-date: /home/cui/Desktop/arm_ws/install/robotic_arm/share/robotic_arm/meshes
-- Up-to-date: /home/cui/Desktop/arm_ws/install/robotic_arm/share/robotic_arm/meshes/link3.STL
-- Up-to-date: /home/cui/Desktop/arm_ws/install/robotic_arm/share/robotic_arm/meshes/base_link.STL
-- Up-to-date: /home/cui/Desktop/arm_ws/install/robotic_arm/share/robotic_arm/meshes/link5.STL
-- Up-to-date: /home/cui/Desktop/arm_ws/install/robotic_arm/share/robotic_arm/meshes/link1.STL
-- Up-to-date: /home/cui/Desktop/arm_ws/install/robotic_arm/share/robotic_arm/meshes/link2.STL
-- Up-to-date: /home/cui/Desktop/arm_ws/install/robotic_arm/share/robotic_arm/meshes/link6.STL
-- Up-to-date: /home/cui/Desktop/arm_ws/install/robotic_arm/share/robotic_arm/meshes/link4.STL
-- Up-to-date: /home/cui/Desktop/arm_ws/install/robotic_arm/share/ament_index/resource_index/package_run_dependencies/robotic_arm
-- Up-to-date: /home/cui/Desktop/arm_ws/install/robotic_arm/share/ament_index/resource_index/parent_prefix_path/robotic_arm
-- Up-to-date: /home/cui/Desktop/arm_ws/install/robotic_arm/share/robotic_arm/environment/ament_prefix_path.sh
-- Up-to-date: /home/cui/Desktop/arm_ws/install/robotic_arm/share/robotic_arm/environment/ament_prefix_path.dsv
-- Up-to-date: /home/cui/Desktop/arm_ws/install/robotic_arm/share/robotic_arm/environment/path.sh
-- Up-to-date: /home/cui/Desktop/arm_ws/install/robotic_arm/share/robotic_arm/environment/path.dsv
-- Up-to-date: /home/cui/Desktop/arm_ws/install/robotic_arm/share/robotic_arm/local_setup.bash
-- Up-to-date: /home/cui/Desktop/arm_ws/install/robotic_arm/share/robotic_arm/local_setup.sh
-- Up-to-date: /home/cui/Desktop/arm_ws/install/robotic_arm/share/robotic_arm/local_setup.zsh
-- Up-to-date: /home/cui/Desktop/arm_ws/install/robotic_arm/share/robotic_arm/local_setup.dsv
-- Installing: /home/cui/Desktop/arm_ws/install/robotic_arm/share/robotic_arm/package.dsv
-- Up-to-date: /home/cui/Desktop/arm_ws/install/robotic_arm/share/ament_index/resource_index/packages/robotic_arm
-- Up-to-date: /home/cui/Desktop/arm_ws/install/robotic_arm/share/robotic_arm/cmake/robotic_armConfig.cmake
-- Up-to-date: /home/cui/Desktop/arm_ws/install/robotic_arm/share/robotic_arm/cmake/robotic_armConfig-version.cmake
-- Up-to-date: /home/cui/Desktop/arm_ws/install/robotic_arm/share/robotic_arm/package.xml
