[0.008s] Invoking command in '/home/cui/Desktop/arm_ws/build/robotic_arm': CMAKE_PREFIX_PATH=${CMAKE_PREFIX_PATH}:/opt/ros/humble /usr/bin/cmake --build /home/cui/Desktop/arm_ws/build/robotic_arm -- -j32 -l32
[0.042s] Invoked command in '/home/cui/Desktop/arm_ws/build/robotic_arm' returned '0': CMAKE_PREFIX_PATH=${CMAKE_PREFIX_PATH}:/opt/ros/humble /usr/bin/cmake --build /home/cui/Desktop/arm_ws/build/robotic_arm -- -j32 -l32
[0.051s] Invoking command in '/home/cui/Desktop/arm_ws/build/robotic_arm': CMAKE_PREFIX_PATH=${CMAKE_PREFIX_PATH}:/opt/ros/humble /usr/bin/cmake --install /home/cui/Desktop/arm_ws/build/robotic_arm
[0.059s] -- Install configuration: ""
[0.059s] -- Up-to-date: /home/cui/Desktop/arm_ws/install/robotic_arm/share/robotic_arm/urdf
[0.059s] -- Up-to-date: /home/cui/Desktop/arm_ws/install/robotic_arm/share/robotic_arm/urdf/robotic_arm.csv
[0.059s] -- Up-to-date: /home/cui/Desktop/arm_ws/install/robotic_arm/share/robotic_arm/urdf/robotic_arm.urdf
[0.059s] -- Up-to-date: /home/cui/Desktop/arm_ws/install/robotic_arm/share/robotic_arm/urdf/robotic_arm_mujoco.urdf
[0.059s] -- Up-to-date: /home/cui/Desktop/arm_ws/install/robotic_arm/share/robotic_arm/model
[0.059s] -- Up-to-date: /home/cui/Desktop/arm_ws/install/robotic_arm/share/robotic_arm/model/scene.xml
[0.059s] -- Up-to-date: /home/cui/Desktop/arm_ws/install/robotic_arm/share/robotic_arm/model/robotic_arm.xml
[0.059s] -- Up-to-date: /home/cui/Desktop/arm_ws/install/robotic_arm/share/robotic_arm/meshes
[0.060s] -- Up-to-date: /home/cui/Desktop/arm_ws/install/robotic_arm/share/robotic_arm/meshes/link3.STL
[0.060s] -- Up-to-date: /home/cui/Desktop/arm_ws/install/robotic_arm/share/robotic_arm/meshes/base_link.STL
[0.060s] -- Up-to-date: /home/cui/Desktop/arm_ws/install/robotic_arm/share/robotic_arm/meshes/link5.STL
[0.060s] -- Up-to-date: /home/cui/Desktop/arm_ws/install/robotic_arm/share/robotic_arm/meshes/link1.STL
[0.060s] -- Up-to-date: /home/cui/Desktop/arm_ws/install/robotic_arm/share/robotic_arm/meshes/link2.STL
[0.060s] -- Up-to-date: /home/cui/Desktop/arm_ws/install/robotic_arm/share/robotic_arm/meshes/link6.STL
[0.060s] -- Up-to-date: /home/cui/Desktop/arm_ws/install/robotic_arm/share/robotic_arm/meshes/link4.STL
[0.060s] -- Up-to-date: /home/cui/Desktop/arm_ws/install/robotic_arm/share/ament_index/resource_index/package_run_dependencies/robotic_arm
[0.060s] -- Up-to-date: /home/cui/Desktop/arm_ws/install/robotic_arm/share/ament_index/resource_index/parent_prefix_path/robotic_arm
[0.060s] -- Up-to-date: /home/cui/Desktop/arm_ws/install/robotic_arm/share/robotic_arm/environment/ament_prefix_path.sh
[0.060s] -- Up-to-date: /home/cui/Desktop/arm_ws/install/robotic_arm/share/robotic_arm/environment/ament_prefix_path.dsv
[0.060s] -- Up-to-date: /home/cui/Desktop/arm_ws/install/robotic_arm/share/robotic_arm/environment/path.sh
[0.060s] -- Up-to-date: /home/cui/Desktop/arm_ws/install/robotic_arm/share/robotic_arm/environment/path.dsv
[0.060s] -- Up-to-date: /home/cui/Desktop/arm_ws/install/robotic_arm/share/robotic_arm/local_setup.bash
[0.060s] -- Up-to-date: /home/cui/Desktop/arm_ws/install/robotic_arm/share/robotic_arm/local_setup.sh
[0.060s] -- Up-to-date: /home/cui/Desktop/arm_ws/install/robotic_arm/share/robotic_arm/local_setup.zsh
[0.060s] -- Up-to-date: /home/cui/Desktop/arm_ws/install/robotic_arm/share/robotic_arm/local_setup.dsv
[0.061s] -- Installing: /home/cui/Desktop/arm_ws/install/robotic_arm/share/robotic_arm/package.dsv
[0.061s] -- Up-to-date: /home/cui/Desktop/arm_ws/install/robotic_arm/share/ament_index/resource_index/packages/robotic_arm
[0.061s] -- Up-to-date: /home/cui/Desktop/arm_ws/install/robotic_arm/share/robotic_arm/cmake/robotic_armConfig.cmake
[0.061s] -- Up-to-date: /home/cui/Desktop/arm_ws/install/robotic_arm/share/robotic_arm/cmake/robotic_armConfig-version.cmake
[0.061s] -- Up-to-date: /home/cui/Desktop/arm_ws/install/robotic_arm/share/robotic_arm/package.xml
[0.062s] Invoked command in '/home/cui/Desktop/arm_ws/build/robotic_arm' returned '0': CMAKE_PREFIX_PATH=${CMAKE_PREFIX_PATH}:/opt/ros/humble /usr/bin/cmake --install /home/cui/Desktop/arm_ws/build/robotic_arm
