[0.009s] Invoking command in '/home/cui/Desktop/arm_ws/build/pnp_ros': AMENT_PREFIX_PATH=/home/cui/Desktop/arm_ws/install/robotic_arm:${AMENT_PREFIX_PATH} CMAKE_PREFIX_PATH=/home/cui/Desktop/arm_ws/install/robotic_arm:/home/cui/Desktop/arm_ws/install/robot_interfaces:/home/cui/Desktop/arm_ws/install/pnp_ros:/opt/ros/humble LD_LIBRARY_PATH=/home/cui/Desktop/arm_ws/install/robot_interfaces/lib:/usr/local/cuda-13.0/lib64:/usr/local/cuda-13.0/lib64:/usr/local/cuda-13.0/lib64:/opt/intel/l_openvino_toolkit_ubuntu20_2024.6.0.17404.4c0f47d2335_x86_64/runtime/3rdparty/tbb/lib:/opt/intel/l_openvino_toolkit_ubuntu20_2024.6.0.17404.4c0f47d2335_x86_64/runtime/lib/intel64:/opt/ros/humble/opt/rviz_ogre_vendor/lib:/opt/ros/humble/lib/x86_64-linux-gnu:/opt/ros/humble/lib:/opt/MVS/lib/64:/opt/MVS/lib/32 /usr/bin/cmake --build /home/cui/Desktop/arm_ws/build/pnp_ros -- -j32 -l32
[0.030s] -- Found ament_cmake: 1.3.12 (/opt/ros/humble/share/ament_cmake/cmake)
[0.118s] -- Found rclcpp: 16.0.18 (/opt/ros/humble/share/rclcpp/cmake)
[0.138s] -- Found rosidl_generator_c: 3.1.8 (/opt/ros/humble/share/rosidl_generator_c/cmake)
[0.139s] -- Found rosidl_adapter: 3.1.8 (/opt/ros/humble/share/rosidl_adapter/cmake)
[0.143s] -- Found rosidl_generator_cpp: 3.1.8 (/opt/ros/humble/share/rosidl_generator_cpp/cmake)
[0.149s] -- Using all available rosidl_typesupport_c: rosidl_typesupport_fastrtps_c;rosidl_typesupport_introspection_c
[0.157s] -- Using all available rosidl_typesupport_cpp: rosidl_typesupport_fastrtps_cpp;rosidl_typesupport_introspection_cpp
[0.178s] -- Found rmw_implementation_cmake: 6.1.2 (/opt/ros/humble/share/rmw_implementation_cmake/cmake)
[0.179s] -- Found rmw_fastrtps_cpp: 6.2.9 (/opt/ros/humble/share/rmw_fastrtps_cpp/cmake)
[0.250s] -- Using RMW implementation 'rmw_fastrtps_cpp' as default
[0.281s] -- Found rclcpp_action: 16.0.17 (/opt/ros/humble/share/rclcpp_action/cmake)
[0.300s] -- Found geometry_msgs: 4.9.1 (/opt/ros/humble/share/geometry_msgs/cmake)
[0.308s] -- Found sensor_msgs: 4.9.1 (/opt/ros/humble/share/sensor_msgs/cmake)
[0.318s] -- Found cv_bridge: 3.2.1 (/opt/ros/humble/share/cv_bridge/cmake)
[0.324s] -- Found tf2: 0.25.19 (/opt/ros/humble/share/tf2/cmake)
[0.327s] -- Found tf2_ros: 0.25.19 (/opt/ros/humble/share/tf2_ros/cmake)
[0.357s] -- Found tf2_geometry_msgs: 0.25.19 (/opt/ros/humble/share/tf2_geometry_msgs/cmake)
[0.360s] -- Found eigen3_cmake_module: 0.1.1 (/opt/ros/humble/share/eigen3_cmake_module/cmake)
[0.360s] -- Ensuring Eigen3 include directory is part of orocos-kdl CMake target
[0.361s] -- Found robot_interfaces: 0.0.0 (/home/cui/Desktop/arm_ws/install/robot_interfaces/share/robot_interfaces/cmake)
[0.376s] -- Found ament_lint_auto: 0.12.15 (/opt/ros/humble/share/ament_lint_auto/cmake)
[0.426s] -- Added test 'cppcheck' to perform static code analysis on C / C++ code
[0.426s] -- Configured cppcheck include dirs: $<BUILD_INTERFACE:/home/cui/Desktop/arm_ws/src/pnp_ros/include>
[0.426s] -- Configured cppcheck exclude dirs and/or files: 
[0.426s] -- Added test 'flake8' to check Python code syntax and style conventions
[0.427s] -- Added test 'lint_cmake' to check CMake code style
[0.427s] -- Added test 'pep257' to check Python code against some of the docstring style conventions in PEP 257
[0.427s] -- Added test 'uncrustify' to check C / C++ code style
[0.427s] -- Configured uncrustify additional arguments: 
[0.427s] -- Added test 'xmllint' to check XML markup files
[0.428s] -- Configuring done
[0.439s] -- Generating done
[0.442s] -- Build files have been written to: /home/cui/Desktop/arm_ws/build/pnp_ros
[0.466s] [35m[1mConsolidate compiler generated dependencies of target pnp_ros_node[0m
[0.484s] [100%] Built target pnp_ros_node
[0.493s] Invoked command in '/home/cui/Desktop/arm_ws/build/pnp_ros' returned '0': AMENT_PREFIX_PATH=/home/cui/Desktop/arm_ws/install/robotic_arm:${AMENT_PREFIX_PATH} CMAKE_PREFIX_PATH=/home/cui/Desktop/arm_ws/install/robotic_arm:/home/cui/Desktop/arm_ws/install/robot_interfaces:/home/cui/Desktop/arm_ws/install/pnp_ros:/opt/ros/humble LD_LIBRARY_PATH=/home/cui/Desktop/arm_ws/install/robot_interfaces/lib:/usr/local/cuda-13.0/lib64:/usr/local/cuda-13.0/lib64:/usr/local/cuda-13.0/lib64:/opt/intel/l_openvino_toolkit_ubuntu20_2024.6.0.17404.4c0f47d2335_x86_64/runtime/3rdparty/tbb/lib:/opt/intel/l_openvino_toolkit_ubuntu20_2024.6.0.17404.4c0f47d2335_x86_64/runtime/lib/intel64:/opt/ros/humble/opt/rviz_ogre_vendor/lib:/opt/ros/humble/lib/x86_64-linux-gnu:/opt/ros/humble/lib:/opt/MVS/lib/64:/opt/MVS/lib/32 /usr/bin/cmake --build /home/cui/Desktop/arm_ws/build/pnp_ros -- -j32 -l32
[0.495s] Invoking command in '/home/cui/Desktop/arm_ws/build/pnp_ros': AMENT_PREFIX_PATH=/home/cui/Desktop/arm_ws/install/robotic_arm:${AMENT_PREFIX_PATH} CMAKE_PREFIX_PATH=/home/cui/Desktop/arm_ws/install/robotic_arm:/home/cui/Desktop/arm_ws/install/robot_interfaces:/home/cui/Desktop/arm_ws/install/pnp_ros:/opt/ros/humble LD_LIBRARY_PATH=/home/cui/Desktop/arm_ws/install/robot_interfaces/lib:/usr/local/cuda-13.0/lib64:/usr/local/cuda-13.0/lib64:/usr/local/cuda-13.0/lib64:/opt/intel/l_openvino_toolkit_ubuntu20_2024.6.0.17404.4c0f47d2335_x86_64/runtime/3rdparty/tbb/lib:/opt/intel/l_openvino_toolkit_ubuntu20_2024.6.0.17404.4c0f47d2335_x86_64/runtime/lib/intel64:/opt/ros/humble/opt/rviz_ogre_vendor/lib:/opt/ros/humble/lib/x86_64-linux-gnu:/opt/ros/humble/lib:/opt/MVS/lib/64:/opt/MVS/lib/32 /usr/bin/cmake --install /home/cui/Desktop/arm_ws/build/pnp_ros
[0.500s] -- Install configuration: ""
[0.500s] -- Up-to-date: /home/cui/Desktop/arm_ws/install/pnp_ros/lib/pnp_ros/pnp_ros_node
[0.500s] -- Installing: /home/cui/Desktop/arm_ws/install/pnp_ros/share/pnp_ros/launch
[0.500s] -- Installing: /home/cui/Desktop/arm_ws/install/pnp_ros/share/pnp_ros/launch/pnp_system.launch.py
[0.500s] -- Installing: /home/cui/Desktop/arm_ws/install/pnp_ros/share/ament_index/resource_index/package_run_dependencies/pnp_ros
[0.500s] -- Installing: /home/cui/Desktop/arm_ws/install/pnp_ros/share/ament_index/resource_index/parent_prefix_path/pnp_ros
[0.500s] -- Up-to-date: /home/cui/Desktop/arm_ws/install/pnp_ros/share/pnp_ros/environment/ament_prefix_path.sh
[0.500s] -- Installing: /home/cui/Desktop/arm_ws/install/pnp_ros/share/pnp_ros/environment/ament_prefix_path.dsv
[0.500s] -- Up-to-date: /home/cui/Desktop/arm_ws/install/pnp_ros/share/pnp_ros/environment/path.sh
[0.501s] -- Installing: /home/cui/Desktop/arm_ws/install/pnp_ros/share/pnp_ros/environment/path.dsv
[0.501s] -- Up-to-date: /home/cui/Desktop/arm_ws/install/pnp_ros/share/pnp_ros/local_setup.bash
[0.501s] -- Up-to-date: /home/cui/Desktop/arm_ws/install/pnp_ros/share/pnp_ros/local_setup.sh
[0.501s] -- Up-to-date: /home/cui/Desktop/arm_ws/install/pnp_ros/share/pnp_ros/local_setup.zsh
[0.501s] -- Installing: /home/cui/Desktop/arm_ws/install/pnp_ros/share/pnp_ros/local_setup.dsv
[0.501s] -- Installing: /home/cui/Desktop/arm_ws/install/pnp_ros/share/pnp_ros/package.dsv
[0.501s] -- Up-to-date: /home/cui/Desktop/arm_ws/install/pnp_ros/share/ament_index/resource_index/packages/pnp_ros
[0.501s] -- Up-to-date: /home/cui/Desktop/arm_ws/install/pnp_ros/share/pnp_ros/cmake/pnp_rosConfig.cmake
[0.501s] -- Up-to-date: /home/cui/Desktop/arm_ws/install/pnp_ros/share/pnp_ros/cmake/pnp_rosConfig-version.cmake
[0.501s] -- Installing: /home/cui/Desktop/arm_ws/install/pnp_ros/share/pnp_ros/package.xml
[0.504s] Invoked command in '/home/cui/Desktop/arm_ws/build/pnp_ros' returned '0': AMENT_PREFIX_PATH=/home/cui/Desktop/arm_ws/install/robotic_arm:${AMENT_PREFIX_PATH} CMAKE_PREFIX_PATH=/home/cui/Desktop/arm_ws/install/robotic_arm:/home/cui/Desktop/arm_ws/install/robot_interfaces:/home/cui/Desktop/arm_ws/install/pnp_ros:/opt/ros/humble LD_LIBRARY_PATH=/home/cui/Desktop/arm_ws/install/robot_interfaces/lib:/usr/local/cuda-13.0/lib64:/usr/local/cuda-13.0/lib64:/usr/local/cuda-13.0/lib64:/opt/intel/l_openvino_toolkit_ubuntu20_2024.6.0.17404.4c0f47d2335_x86_64/runtime/3rdparty/tbb/lib:/opt/intel/l_openvino_toolkit_ubuntu20_2024.6.0.17404.4c0f47d2335_x86_64/runtime/lib/intel64:/opt/ros/humble/opt/rviz_ogre_vendor/lib:/opt/ros/humble/lib/x86_64-linux-gnu:/opt/ros/humble/lib:/opt/MVS/lib/64:/opt/MVS/lib/32 /usr/bin/cmake --install /home/cui/Desktop/arm_ws/build/pnp_ros
