[0.009s] Invoking command in '/home/cui/Desktop/arm_ws/build/robot_interfaces': CMAKE_PREFIX_PATH=${CMAKE_PREFIX_PATH}:/opt/ros/humble /usr/bin/cmake /home/cui/Desktop/arm_ws/src/robot_interfaces -DCMAKE_INSTALL_PREFIX=/home/cui/Desktop/arm_ws/install/robot_interfaces
[0.061s] -- The C compiler identification is GNU 11.4.0
[0.101s] -- The CXX compiler identification is GNU 11.4.0
[0.108s] -- Detecting C compiler ABI info
[0.171s] -- Detecting C compiler ABI info - done
[0.177s] -- Check for working C compiler: /usr/bin/cc - skipped
[0.177s] -- Detecting C compile features
[0.177s] -- Detecting C compile features - done
[0.179s] -- Detecting CXX compiler ABI info
[0.246s] -- Detecting CXX compiler ABI info - done
[0.251s] -- Check for working CXX compiler: /usr/bin/c++ - skipped
[0.251s] -- Detecting CXX compile features
[0.251s] -- Detecting CXX compile features - done
[0.253s] -- Found ament_cmake: 1.3.12 (/opt/ros/humble/share/ament_cmake/cmake)
[0.658s] -- Found Python3: /usr/bin/python3 (found version "3.10.12") found components: Interpreter 
[0.736s] -- Found rosidl_default_generators: 1.2.0 (/opt/ros/humble/share/rosidl_default_generators/cmake)
[0.742s] -- Using all available rosidl_typesupport_c: rosidl_typesupport_fastrtps_c;rosidl_typesupport_introspection_c
[0.746s] -- Found rosidl_adapter: 3.1.8 (/opt/ros/humble/share/rosidl_adapter/cmake)
[0.804s] -- Using all available rosidl_typesupport_cpp: rosidl_typesupport_fastrtps_cpp;rosidl_typesupport_introspection_cpp
[0.827s] -- Found geometry_msgs: 4.9.1 (/opt/ros/humble/share/geometry_msgs/cmake)
[1.134s] -- Found ament_cmake_ros: 0.10.0 (/opt/ros/humble/share/ament_cmake_ros/cmake)
[1.337s] -- Using all available rosidl_typesupport_c: rosidl_typesupport_fastrtps_c;rosidl_typesupport_introspection_c
[1.612s] -- Using all available rosidl_typesupport_cpp: rosidl_typesupport_fastrtps_cpp;rosidl_typesupport_introspection_cpp
[1.634s] -- Found PythonInterp: /usr/bin/python3 (found suitable version "3.10.12", minimum required is "3.6") 
[1.635s] -- Found python_cmake_module: 0.10.0 (/opt/ros/humble/share/python_cmake_module/cmake)
[1.658s] -- Found PythonLibs: /usr/lib/x86_64-linux-gnu/libpython3.10.so (found suitable version "3.10.12", minimum required is "3.5") 
[1.658s] -- Using PYTHON_EXECUTABLE: /usr/bin/python3
[1.658s] -- Using PYTHON_INCLUDE_DIRS: /usr/include/python3.10
[1.658s] -- Using PYTHON_LIBRARIES: /usr/lib/x86_64-linux-gnu/libpython3.10.so
[1.679s] -- Found PythonExtra: .so  
[1.769s] -- Configuring done
[1.799s] -- Generating done
[1.808s] -- Build files have been written to: /home/cui/Desktop/arm_ws/build/robot_interfaces
[1.819s] Invoked command in '/home/cui/Desktop/arm_ws/build/robot_interfaces' returned '0': CMAKE_PREFIX_PATH=${CMAKE_PREFIX_PATH}:/opt/ros/humble /usr/bin/cmake /home/cui/Desktop/arm_ws/src/robot_interfaces -DCMAKE_INSTALL_PREFIX=/home/cui/Desktop/arm_ws/install/robot_interfaces
[1.820s] Invoking command in '/home/cui/Desktop/arm_ws/build/robot_interfaces': CMAKE_PREFIX_PATH=${CMAKE_PREFIX_PATH}:/opt/ros/humble /usr/bin/cmake --build /home/cui/Desktop/arm_ws/build/robot_interfaces -- -j32 -l32
[1.862s] [  3%] [34m[1mGenerating C code for ROS interfaces[0m
[1.871s] [  6%] [34m[1mGenerating C++ code for ROS interfaces[0m
[1.881s] [  6%] Built target ament_cmake_python_copy_robot_interfaces
[2.064s] running egg_info
[2.064s] creating robot_interfaces.egg-info
[2.064s] writing manifest file 'robot_interfaces.egg-info/SOURCES.txt'
[2.066s] writing manifest file 'robot_interfaces.egg-info/SOURCES.txt'
[2.090s] [  6%] Built target ament_cmake_python_build_robot_interfaces_egg
[2.191s] [  9%] [32mBuilding C object CMakeFiles/robot_interfaces__rosidl_generator_c.dir/rosidl_generator_c/robot_interfaces/action/detail/catch__functions.c.o[0m
[2.192s] [  9%] Built target robot_interfaces__cpp
[2.202s] [ 12%] [34m[1mGenerating C++ type support for eProsima Fast-RTPS[0m
[2.203s] [ 16%] [34m[1mGenerating C++ introspection for ROS interfaces[0m
[2.203s] [ 19%] [34m[1mGenerating C++ type support dispatch for ROS interfaces[0m
[2.319s] [ 22%] [32m[1mLinking C shared library librobot_interfaces__rosidl_generator_c.so[0m
[2.353s] [ 22%] Built target robot_interfaces__rosidl_generator_c
[2.363s] [ 32%] [34m[1mGenerating C type support for eProsima Fast-RTPS[0m
[2.363s] [ 32%] [34m[1mGenerating C type support dispatch for ROS interfaces[0m
[2.363s] [ 32%] [34m[1mGenerating C introspection for ROS interfaces[0m
[2.430s] [ 35%] [32mBuilding CXX object CMakeFiles/robot_interfaces__rosidl_typesupport_cpp.dir/rosidl_typesupport_cpp/robot_interfaces/action/catch__type_support.cpp.o[0m
[2.453s] [ 38%] [32mBuilding CXX object CMakeFiles/robot_interfaces__rosidl_typesupport_introspection_cpp.dir/rosidl_typesupport_introspection_cpp/robot_interfaces/action/detail/catch__type_support.cpp.o[0m
[2.499s] [ 41%] [32mBuilding CXX object CMakeFiles/robot_interfaces__rosidl_typesupport_fastrtps_cpp.dir/rosidl_typesupport_fastrtps_cpp/robot_interfaces/action/detail/dds_fastrtps/catch__type_support.cpp.o[0m
[2.572s] [ 45%] [32mBuilding CXX object CMakeFiles/robot_interfaces__rosidl_typesupport_c.dir/rosidl_typesupport_c/robot_interfaces/action/catch__type_support.cpp.o[0m
[2.611s] [ 48%] [32m[1mLinking CXX shared library librobot_interfaces__rosidl_typesupport_c.so[0m
[2.646s] [ 51%] [32mBuilding C object CMakeFiles/robot_interfaces__rosidl_typesupport_introspection_c.dir/rosidl_typesupport_introspection_c/robot_interfaces/action/detail/catch__type_support.c.o[0m
[2.652s] [ 51%] Built target robot_interfaces__rosidl_typesupport_c
[2.668s] [ 54%] [32mBuilding CXX object CMakeFiles/robot_interfaces__rosidl_typesupport_fastrtps_c.dir/rosidl_typesupport_fastrtps_c/robot_interfaces/action/detail/catch__type_support_c.cpp.o[0m
[2.693s] [ 58%] [32m[1mLinking C shared library librobot_interfaces__rosidl_typesupport_introspection_c.so[0m
[2.728s] [ 58%] Built target robot_interfaces__rosidl_typesupport_introspection_c
[2.737s] [ 61%] [32m[1mLinking CXX shared library librobot_interfaces__rosidl_typesupport_cpp.so[0m
[2.777s] [ 61%] Built target robot_interfaces__rosidl_typesupport_cpp
[2.879s] [ 64%] [32m[1mLinking CXX shared library librobot_interfaces__rosidl_typesupport_fastrtps_cpp.so[0m
[2.886s] [ 67%] [32m[1mLinking CXX shared library librobot_interfaces__rosidl_typesupport_introspection_cpp.so[0m
[2.932s] [ 70%] [32m[1mLinking CXX shared library librobot_interfaces__rosidl_typesupport_fastrtps_c.so[0m
[2.939s] [ 70%] Built target robot_interfaces__rosidl_typesupport_fastrtps_cpp
[2.942s] [ 70%] Built target robot_interfaces__rosidl_typesupport_introspection_cpp
[2.990s] [ 70%] Built target robot_interfaces__rosidl_typesupport_fastrtps_c
[3.008s] [ 70%] Built target robot_interfaces
[3.030s] [ 74%] [34m[1mGenerating Python code for ROS interfaces[0m
[3.500s] [ 74%] Built target robot_interfaces__py
[3.521s] [ 77%] [32mBuilding C object CMakeFiles/robot_interfaces__rosidl_generator_py.dir/rosidl_generator_py/robot_interfaces/action/_catch_s.c.o[0m
[3.644s] [ 80%] [32m[1mLinking C shared library rosidl_generator_py/robot_interfaces/librobot_interfaces__rosidl_generator_py.so[0m
[3.684s] [ 80%] Built target robot_interfaces__rosidl_generator_py
[3.704s] [ 90%] [32mBuilding C object CMakeFiles/robot_interfaces__rosidl_typesupport_introspection_c__pyext.dir/rosidl_generator_py/robot_interfaces/_robot_interfaces_s.ep.rosidl_typesupport_introspection_c.c.o[0m
[3.704s] [ 90%] [32mBuilding C object CMakeFiles/robot_interfaces__rosidl_typesupport_c__pyext.dir/rosidl_generator_py/robot_interfaces/_robot_interfaces_s.ep.rosidl_typesupport_c.c.o[0m
[3.704s] [ 90%] [32mBuilding C object CMakeFiles/robot_interfaces__rosidl_typesupport_fastrtps_c__pyext.dir/rosidl_generator_py/robot_interfaces/_robot_interfaces_s.ep.rosidl_typesupport_fastrtps_c.c.o[0m
[3.791s] [100%] [32m[1mLinking C shared library rosidl_generator_py/robot_interfaces/robot_interfaces_s__rosidl_typesupport_c.cpython-310-x86_64-linux-gnu.so[0m
[3.792s] [100%] [32m[1mLinking C shared library rosidl_generator_py/robot_interfaces/robot_interfaces_s__rosidl_typesupport_introspection_c.cpython-310-x86_64-linux-gnu.so[0m
[3.792s] [100%] [32m[1mLinking C shared library rosidl_generator_py/robot_interfaces/robot_interfaces_s__rosidl_typesupport_fastrtps_c.cpython-310-x86_64-linux-gnu.so[0m
[3.827s] [100%] Built target robot_interfaces__rosidl_typesupport_fastrtps_c__pyext
[3.827s] [100%] Built target robot_interfaces__rosidl_typesupport_c__pyext
[3.829s] [100%] Built target robot_interfaces__rosidl_typesupport_introspection_c__pyext
[3.839s] Invoked command in '/home/cui/Desktop/arm_ws/build/robot_interfaces' returned '0': CMAKE_PREFIX_PATH=${CMAKE_PREFIX_PATH}:/opt/ros/humble /usr/bin/cmake --build /home/cui/Desktop/arm_ws/build/robot_interfaces -- -j32 -l32
[3.840s] Invoking command in '/home/cui/Desktop/arm_ws/build/robot_interfaces': CMAKE_PREFIX_PATH=${CMAKE_PREFIX_PATH}:/opt/ros/humble /usr/bin/cmake --install /home/cui/Desktop/arm_ws/build/robot_interfaces
[3.847s] -- Install configuration: ""
[3.848s] -- Installing: /home/cui/Desktop/arm_ws/install/robot_interfaces/share/ament_index/resource_index/rosidl_interfaces/robot_interfaces
[3.848s] -- Installing: /home/cui/Desktop/arm_ws/install/robot_interfaces/include/robot_interfaces/robot_interfaces
[3.848s] -- Installing: /home/cui/Desktop/arm_ws/install/robot_interfaces/include/robot_interfaces/robot_interfaces/action
[3.848s] -- Installing: /home/cui/Desktop/arm_ws/install/robot_interfaces/include/robot_interfaces/robot_interfaces/action/catch.h
[3.848s] -- Installing: /home/cui/Desktop/arm_ws/install/robot_interfaces/include/robot_interfaces/robot_interfaces/action/detail
[3.848s] -- Installing: /home/cui/Desktop/arm_ws/install/robot_interfaces/include/robot_interfaces/robot_interfaces/action/detail/catch__functions.h
[3.848s] -- Installing: /home/cui/Desktop/arm_ws/install/robot_interfaces/include/robot_interfaces/robot_interfaces/action/detail/catch__struct.h
[3.848s] -- Installing: /home/cui/Desktop/arm_ws/install/robot_interfaces/include/robot_interfaces/robot_interfaces/action/detail/catch__type_support.h
[3.848s] -- Installing: /home/cui/Desktop/arm_ws/install/robot_interfaces/include/robot_interfaces/robot_interfaces/action/detail/catch__functions.c
[3.848s] -- Installing: /home/cui/Desktop/arm_ws/install/robot_interfaces/include/robot_interfaces/robot_interfaces/msg
[3.848s] -- Installing: /home/cui/Desktop/arm_ws/install/robot_interfaces/include/robot_interfaces/robot_interfaces/msg/rosidl_generator_c__visibility_control.h
[3.848s] -- Installing: /home/cui/Desktop/arm_ws/install/robot_interfaces/share/robot_interfaces/environment/library_path.sh
[3.848s] -- Installing: /home/cui/Desktop/arm_ws/install/robot_interfaces/share/robot_interfaces/environment/library_path.dsv
[3.848s] -- Installing: /home/cui/Desktop/arm_ws/install/robot_interfaces/lib/librobot_interfaces__rosidl_generator_c.so
[3.848s] -- Set runtime path of "/home/cui/Desktop/arm_ws/install/robot_interfaces/lib/librobot_interfaces__rosidl_generator_c.so" to ""
[3.849s] -- Up-to-date: /home/cui/Desktop/arm_ws/install/robot_interfaces/include/robot_interfaces/robot_interfaces
[3.849s] -- Up-to-date: /home/cui/Desktop/arm_ws/install/robot_interfaces/include/robot_interfaces/robot_interfaces/action
[3.849s] -- Up-to-date: /home/cui/Desktop/arm_ws/install/robot_interfaces/include/robot_interfaces/robot_interfaces/action/detail
[3.849s] -- Installing: /home/cui/Desktop/arm_ws/install/robot_interfaces/include/robot_interfaces/robot_interfaces/action/detail/catch__rosidl_typesupport_fastrtps_c.h
[3.849s] -- Up-to-date: /home/cui/Desktop/arm_ws/install/robot_interfaces/include/robot_interfaces/robot_interfaces/msg
[3.849s] -- Installing: /home/cui/Desktop/arm_ws/install/robot_interfaces/include/robot_interfaces/robot_interfaces/msg/rosidl_typesupport_fastrtps_c__visibility_control.h
[3.849s] -- Installing: /home/cui/Desktop/arm_ws/install/robot_interfaces/lib/librobot_interfaces__rosidl_typesupport_fastrtps_c.so
[3.849s] -- Set runtime path of "/home/cui/Desktop/arm_ws/install/robot_interfaces/lib/librobot_interfaces__rosidl_typesupport_fastrtps_c.so" to ""
[3.849s] -- Up-to-date: /home/cui/Desktop/arm_ws/install/robot_interfaces/include/robot_interfaces/robot_interfaces
[3.849s] -- Up-to-date: /home/cui/Desktop/arm_ws/install/robot_interfaces/include/robot_interfaces/robot_interfaces/action
[3.849s] -- Up-to-date: /home/cui/Desktop/arm_ws/install/robot_interfaces/include/robot_interfaces/robot_interfaces/action/detail
[3.849s] -- Installing: /home/cui/Desktop/arm_ws/install/robot_interfaces/include/robot_interfaces/robot_interfaces/action/detail/catch__rosidl_typesupport_introspection_c.h
[3.849s] -- Installing: /home/cui/Desktop/arm_ws/install/robot_interfaces/include/robot_interfaces/robot_interfaces/action/detail/catch__type_support.c
[3.849s] -- Up-to-date: /home/cui/Desktop/arm_ws/install/robot_interfaces/include/robot_interfaces/robot_interfaces/msg
[3.849s] -- Installing: /home/cui/Desktop/arm_ws/install/robot_interfaces/include/robot_interfaces/robot_interfaces/msg/rosidl_typesupport_introspection_c__visibility_control.h
[3.849s] -- Installing: /home/cui/Desktop/arm_ws/install/robot_interfaces/lib/librobot_interfaces__rosidl_typesupport_introspection_c.so
[3.849s] -- Set runtime path of "/home/cui/Desktop/arm_ws/install/robot_interfaces/lib/librobot_interfaces__rosidl_typesupport_introspection_c.so" to ""
[3.849s] -- Installing: /home/cui/Desktop/arm_ws/install/robot_interfaces/lib/librobot_interfaces__rosidl_typesupport_c.so
[3.849s] -- Set runtime path of "/home/cui/Desktop/arm_ws/install/robot_interfaces/lib/librobot_interfaces__rosidl_typesupport_c.so" to ""
[3.850s] -- Up-to-date: /home/cui/Desktop/arm_ws/install/robot_interfaces/include/robot_interfaces/robot_interfaces
[3.850s] -- Up-to-date: /home/cui/Desktop/arm_ws/install/robot_interfaces/include/robot_interfaces/robot_interfaces/action
[3.850s] -- Up-to-date: /home/cui/Desktop/arm_ws/install/robot_interfaces/include/robot_interfaces/robot_interfaces/action/detail
[3.850s] -- Installing: /home/cui/Desktop/arm_ws/install/robot_interfaces/include/robot_interfaces/robot_interfaces/action/detail/catch__traits.hpp
[3.850s] -- Installing: /home/cui/Desktop/arm_ws/install/robot_interfaces/include/robot_interfaces/robot_interfaces/action/detail/catch__struct.hpp
[3.850s] -- Installing: /home/cui/Desktop/arm_ws/install/robot_interfaces/include/robot_interfaces/robot_interfaces/action/detail/catch__builder.hpp
[3.850s] -- Installing: /home/cui/Desktop/arm_ws/install/robot_interfaces/include/robot_interfaces/robot_interfaces/action/detail/catch__type_support.hpp
[3.850s] -- Installing: /home/cui/Desktop/arm_ws/install/robot_interfaces/include/robot_interfaces/robot_interfaces/action/catch.hpp
[3.850s] -- Up-to-date: /home/cui/Desktop/arm_ws/install/robot_interfaces/include/robot_interfaces/robot_interfaces/msg
[3.850s] -- Installing: /home/cui/Desktop/arm_ws/install/robot_interfaces/include/robot_interfaces/robot_interfaces/msg/rosidl_generator_cpp__visibility_control.hpp
[3.850s] -- Up-to-date: /home/cui/Desktop/arm_ws/install/robot_interfaces/include/robot_interfaces/robot_interfaces
[3.850s] -- Up-to-date: /home/cui/Desktop/arm_ws/install/robot_interfaces/include/robot_interfaces/robot_interfaces/action
[3.850s] -- Up-to-date: /home/cui/Desktop/arm_ws/install/robot_interfaces/include/robot_interfaces/robot_interfaces/action/detail
[3.850s] -- Installing: /home/cui/Desktop/arm_ws/install/robot_interfaces/include/robot_interfaces/robot_interfaces/action/detail/dds_fastrtps
[3.850s] -- Installing: /home/cui/Desktop/arm_ws/install/robot_interfaces/include/robot_interfaces/robot_interfaces/action/detail/catch__rosidl_typesupport_fastrtps_cpp.hpp
[3.850s] -- Up-to-date: /home/cui/Desktop/arm_ws/install/robot_interfaces/include/robot_interfaces/robot_interfaces/msg
[3.850s] -- Installing: /home/cui/Desktop/arm_ws/install/robot_interfaces/include/robot_interfaces/robot_interfaces/msg/rosidl_typesupport_fastrtps_cpp__visibility_control.h
[3.850s] -- Installing: /home/cui/Desktop/arm_ws/install/robot_interfaces/lib/librobot_interfaces__rosidl_typesupport_fastrtps_cpp.so
[3.850s] -- Set runtime path of "/home/cui/Desktop/arm_ws/install/robot_interfaces/lib/librobot_interfaces__rosidl_typesupport_fastrtps_cpp.so" to ""
[3.851s] -- Up-to-date: /home/cui/Desktop/arm_ws/install/robot_interfaces/include/robot_interfaces/robot_interfaces
[3.851s] -- Up-to-date: /home/cui/Desktop/arm_ws/install/robot_interfaces/include/robot_interfaces/robot_interfaces/action
[3.851s] -- Up-to-date: /home/cui/Desktop/arm_ws/install/robot_interfaces/include/robot_interfaces/robot_interfaces/action/detail
[3.851s] -- Installing: /home/cui/Desktop/arm_ws/install/robot_interfaces/include/robot_interfaces/robot_interfaces/action/detail/catch__rosidl_typesupport_introspection_cpp.hpp
[3.851s] -- Installing: /home/cui/Desktop/arm_ws/install/robot_interfaces/include/robot_interfaces/robot_interfaces/action/detail/catch__type_support.cpp
[3.851s] -- Installing: /home/cui/Desktop/arm_ws/install/robot_interfaces/lib/librobot_interfaces__rosidl_typesupport_introspection_cpp.so
[3.851s] -- Set runtime path of "/home/cui/Desktop/arm_ws/install/robot_interfaces/lib/librobot_interfaces__rosidl_typesupport_introspection_cpp.so" to ""
[3.851s] -- Installing: /home/cui/Desktop/arm_ws/install/robot_interfaces/lib/librobot_interfaces__rosidl_typesupport_cpp.so
[3.851s] -- Set runtime path of "/home/cui/Desktop/arm_ws/install/robot_interfaces/lib/librobot_interfaces__rosidl_typesupport_cpp.so" to ""
[3.851s] -- Installing: /home/cui/Desktop/arm_ws/install/robot_interfaces/share/robot_interfaces/environment/pythonpath.sh
[3.851s] -- Installing: /home/cui/Desktop/arm_ws/install/robot_interfaces/share/robot_interfaces/environment/pythonpath.dsv
[3.851s] -- Installing: /home/cui/Desktop/arm_ws/install/robot_interfaces/local/lib/python3.10/dist-packages/robot_interfaces-0.0.0-py3.10.egg-info
[3.851s] -- Installing: /home/cui/Desktop/arm_ws/install/robot_interfaces/local/lib/python3.10/dist-packages/robot_interfaces-0.0.0-py3.10.egg-info/top_level.txt
[3.851s] -- Installing: /home/cui/Desktop/arm_ws/install/robot_interfaces/local/lib/python3.10/dist-packages/robot_interfaces-0.0.0-py3.10.egg-info/SOURCES.txt
[3.851s] -- Installing: /home/cui/Desktop/arm_ws/install/robot_interfaces/local/lib/python3.10/dist-packages/robot_interfaces-0.0.0-py3.10.egg-info/dependency_links.txt
[3.851s] -- Installing: /home/cui/Desktop/arm_ws/install/robot_interfaces/local/lib/python3.10/dist-packages/robot_interfaces-0.0.0-py3.10.egg-info/PKG-INFO
[3.852s] -- Installing: /home/cui/Desktop/arm_ws/install/robot_interfaces/local/lib/python3.10/dist-packages/robot_interfaces
[3.852s] -- Installing: /home/cui/Desktop/arm_ws/install/robot_interfaces/local/lib/python3.10/dist-packages/robot_interfaces/action
[3.852s] -- Installing: /home/cui/Desktop/arm_ws/install/robot_interfaces/local/lib/python3.10/dist-packages/robot_interfaces/action/_catch_s.c
[3.852s] -- Installing: /home/cui/Desktop/arm_ws/install/robot_interfaces/local/lib/python3.10/dist-packages/robot_interfaces/action/__init__.py
[3.852s] -- Installing: /home/cui/Desktop/arm_ws/install/robot_interfaces/local/lib/python3.10/dist-packages/robot_interfaces/action/_catch.py
[3.852s] -- Installing: /home/cui/Desktop/arm_ws/install/robot_interfaces/local/lib/python3.10/dist-packages/robot_interfaces/_robot_interfaces_s.ep.rosidl_typesupport_fastrtps_c.c
[3.852s] -- Installing: /home/cui/Desktop/arm_ws/install/robot_interfaces/local/lib/python3.10/dist-packages/robot_interfaces/robot_interfaces_s__rosidl_typesupport_c.cpython-310-x86_64-linux-gnu.so
[3.852s] -- Installing: /home/cui/Desktop/arm_ws/install/robot_interfaces/local/lib/python3.10/dist-packages/robot_interfaces/__init__.py
[3.852s] -- Installing: /home/cui/Desktop/arm_ws/install/robot_interfaces/local/lib/python3.10/dist-packages/robot_interfaces/librobot_interfaces__rosidl_generator_py.so
[3.852s] -- Installing: /home/cui/Desktop/arm_ws/install/robot_interfaces/local/lib/python3.10/dist-packages/robot_interfaces/_robot_interfaces_s.ep.rosidl_typesupport_introspection_c.c
[3.853s] -- Installing: /home/cui/Desktop/arm_ws/install/robot_interfaces/local/lib/python3.10/dist-packages/robot_interfaces/robot_interfaces_s__rosidl_typesupport_fastrtps_c.cpython-310-x86_64-linux-gnu.so
[3.853s] -- Installing: /home/cui/Desktop/arm_ws/install/robot_interfaces/local/lib/python3.10/dist-packages/robot_interfaces/_robot_interfaces_s.ep.rosidl_typesupport_c.c
[3.853s] -- Installing: /home/cui/Desktop/arm_ws/install/robot_interfaces/local/lib/python3.10/dist-packages/robot_interfaces/robot_interfaces_s__rosidl_typesupport_introspection_c.cpython-310-x86_64-linux-gnu.so
[3.882s] Listing '/home/cui/Desktop/arm_ws/install/robot_interfaces/local/lib/python3.10/dist-packages/robot_interfaces'...
[3.883s] Compiling '/home/cui/Desktop/arm_ws/install/robot_interfaces/local/lib/python3.10/dist-packages/robot_interfaces/__init__.py'...
[3.883s] Listing '/home/cui/Desktop/arm_ws/install/robot_interfaces/local/lib/python3.10/dist-packages/robot_interfaces/action'...
[3.883s] Compiling '/home/cui/Desktop/arm_ws/install/robot_interfaces/local/lib/python3.10/dist-packages/robot_interfaces/action/__init__.py'...
[3.883s] Compiling '/home/cui/Desktop/arm_ws/install/robot_interfaces/local/lib/python3.10/dist-packages/robot_interfaces/action/_catch.py'...
[3.886s] -- Installing: /home/cui/Desktop/arm_ws/install/robot_interfaces/local/lib/python3.10/dist-packages/robot_interfaces/robot_interfaces_s__rosidl_typesupport_fastrtps_c.cpython-310-x86_64-linux-gnu.so
[3.887s] -- Set runtime path of "/home/cui/Desktop/arm_ws/install/robot_interfaces/local/lib/python3.10/dist-packages/robot_interfaces/robot_interfaces_s__rosidl_typesupport_fastrtps_c.cpython-310-x86_64-linux-gnu.so" to ""
[3.887s] -- Installing: /home/cui/Desktop/arm_ws/install/robot_interfaces/local/lib/python3.10/dist-packages/robot_interfaces/robot_interfaces_s__rosidl_typesupport_introspection_c.cpython-310-x86_64-linux-gnu.so
[3.887s] -- Set runtime path of "/home/cui/Desktop/arm_ws/install/robot_interfaces/local/lib/python3.10/dist-packages/robot_interfaces/robot_interfaces_s__rosidl_typesupport_introspection_c.cpython-310-x86_64-linux-gnu.so" to ""
[3.887s] -- Installing: /home/cui/Desktop/arm_ws/install/robot_interfaces/local/lib/python3.10/dist-packages/robot_interfaces/robot_interfaces_s__rosidl_typesupport_c.cpython-310-x86_64-linux-gnu.so
[3.887s] -- Set runtime path of "/home/cui/Desktop/arm_ws/install/robot_interfaces/local/lib/python3.10/dist-packages/robot_interfaces/robot_interfaces_s__rosidl_typesupport_c.cpython-310-x86_64-linux-gnu.so" to ""
[3.887s] -- Installing: /home/cui/Desktop/arm_ws/install/robot_interfaces/lib/librobot_interfaces__rosidl_generator_py.so
[3.888s] -- Set runtime path of "/home/cui/Desktop/arm_ws/install/robot_interfaces/lib/librobot_interfaces__rosidl_generator_py.so" to ""
[3.888s] -- Installing: /home/cui/Desktop/arm_ws/install/robot_interfaces/share/robot_interfaces/action/Catch.idl
[3.888s] -- Installing: /home/cui/Desktop/arm_ws/install/robot_interfaces/share/robot_interfaces/action/Catch.action
[3.888s] -- Installing: /home/cui/Desktop/arm_ws/install/robot_interfaces/share/ament_index/resource_index/package_run_dependencies/robot_interfaces
[3.888s] -- Installing: /home/cui/Desktop/arm_ws/install/robot_interfaces/share/ament_index/resource_index/parent_prefix_path/robot_interfaces
[3.888s] -- Installing: /home/cui/Desktop/arm_ws/install/robot_interfaces/share/robot_interfaces/environment/ament_prefix_path.sh
[3.888s] -- Installing: /home/cui/Desktop/arm_ws/install/robot_interfaces/share/robot_interfaces/environment/ament_prefix_path.dsv
[3.888s] -- Installing: /home/cui/Desktop/arm_ws/install/robot_interfaces/share/robot_interfaces/environment/path.sh
[3.888s] -- Installing: /home/cui/Desktop/arm_ws/install/robot_interfaces/share/robot_interfaces/environment/path.dsv
[3.888s] -- Installing: /home/cui/Desktop/arm_ws/install/robot_interfaces/share/robot_interfaces/local_setup.bash
[3.889s] -- Installing: /home/cui/Desktop/arm_ws/install/robot_interfaces/share/robot_interfaces/local_setup.sh
[3.889s] -- Installing: /home/cui/Desktop/arm_ws/install/robot_interfaces/share/robot_interfaces/local_setup.zsh
[3.889s] -- Installing: /home/cui/Desktop/arm_ws/install/robot_interfaces/share/robot_interfaces/local_setup.dsv
[3.889s] -- Installing: /home/cui/Desktop/arm_ws/install/robot_interfaces/share/robot_interfaces/package.dsv
[3.889s] -- Installing: /home/cui/Desktop/arm_ws/install/robot_interfaces/share/ament_index/resource_index/packages/robot_interfaces
[3.889s] -- Installing: /home/cui/Desktop/arm_ws/install/robot_interfaces/share/robot_interfaces/cmake/export_robot_interfaces__rosidl_generator_cExport.cmake
[3.889s] -- Installing: /home/cui/Desktop/arm_ws/install/robot_interfaces/share/robot_interfaces/cmake/export_robot_interfaces__rosidl_generator_cExport-noconfig.cmake
[3.889s] -- Installing: /home/cui/Desktop/arm_ws/install/robot_interfaces/share/robot_interfaces/cmake/export_robot_interfaces__rosidl_typesupport_fastrtps_cExport.cmake
[3.889s] -- Installing: /home/cui/Desktop/arm_ws/install/robot_interfaces/share/robot_interfaces/cmake/export_robot_interfaces__rosidl_typesupport_fastrtps_cExport-noconfig.cmake
[3.889s] -- Installing: /home/cui/Desktop/arm_ws/install/robot_interfaces/share/robot_interfaces/cmake/robot_interfaces__rosidl_typesupport_introspection_cExport.cmake
[3.889s] -- Installing: /home/cui/Desktop/arm_ws/install/robot_interfaces/share/robot_interfaces/cmake/robot_interfaces__rosidl_typesupport_introspection_cExport-noconfig.cmake
[3.889s] -- Installing: /home/cui/Desktop/arm_ws/install/robot_interfaces/share/robot_interfaces/cmake/robot_interfaces__rosidl_typesupport_cExport.cmake
[3.889s] -- Installing: /home/cui/Desktop/arm_ws/install/robot_interfaces/share/robot_interfaces/cmake/robot_interfaces__rosidl_typesupport_cExport-noconfig.cmake
[3.889s] -- Installing: /home/cui/Desktop/arm_ws/install/robot_interfaces/share/robot_interfaces/cmake/export_robot_interfaces__rosidl_generator_cppExport.cmake
[3.889s] -- Installing: /home/cui/Desktop/arm_ws/install/robot_interfaces/share/robot_interfaces/cmake/export_robot_interfaces__rosidl_typesupport_fastrtps_cppExport.cmake
[3.889s] -- Installing: /home/cui/Desktop/arm_ws/install/robot_interfaces/share/robot_interfaces/cmake/export_robot_interfaces__rosidl_typesupport_fastrtps_cppExport-noconfig.cmake
[3.889s] -- Installing: /home/cui/Desktop/arm_ws/install/robot_interfaces/share/robot_interfaces/cmake/robot_interfaces__rosidl_typesupport_introspection_cppExport.cmake
[3.889s] -- Installing: /home/cui/Desktop/arm_ws/install/robot_interfaces/share/robot_interfaces/cmake/robot_interfaces__rosidl_typesupport_introspection_cppExport-noconfig.cmake
[3.889s] -- Installing: /home/cui/Desktop/arm_ws/install/robot_interfaces/share/robot_interfaces/cmake/robot_interfaces__rosidl_typesupport_cppExport.cmake
[3.890s] -- Installing: /home/cui/Desktop/arm_ws/install/robot_interfaces/share/robot_interfaces/cmake/robot_interfaces__rosidl_typesupport_cppExport-noconfig.cmake
[3.890s] -- Installing: /home/cui/Desktop/arm_ws/install/robot_interfaces/share/robot_interfaces/cmake/export_robot_interfaces__rosidl_generator_pyExport.cmake
[3.890s] -- Installing: /home/cui/Desktop/arm_ws/install/robot_interfaces/share/robot_interfaces/cmake/export_robot_interfaces__rosidl_generator_pyExport-noconfig.cmake
[3.890s] -- Installing: /home/cui/Desktop/arm_ws/install/robot_interfaces/share/robot_interfaces/cmake/rosidl_cmake-extras.cmake
[3.890s] -- Installing: /home/cui/Desktop/arm_ws/install/robot_interfaces/share/robot_interfaces/cmake/ament_cmake_export_dependencies-extras.cmake
[3.890s] -- Installing: /home/cui/Desktop/arm_ws/install/robot_interfaces/share/robot_interfaces/cmake/ament_cmake_export_include_directories-extras.cmake
[3.890s] -- Installing: /home/cui/Desktop/arm_ws/install/robot_interfaces/share/robot_interfaces/cmake/ament_cmake_export_libraries-extras.cmake
[3.890s] -- Installing: /home/cui/Desktop/arm_ws/install/robot_interfaces/share/robot_interfaces/cmake/ament_cmake_export_targets-extras.cmake
[3.890s] -- Installing: /home/cui/Desktop/arm_ws/install/robot_interfaces/share/robot_interfaces/cmake/rosidl_cmake_export_typesupport_targets-extras.cmake
[3.890s] -- Installing: /home/cui/Desktop/arm_ws/install/robot_interfaces/share/robot_interfaces/cmake/rosidl_cmake_export_typesupport_libraries-extras.cmake
[3.890s] -- Installing: /home/cui/Desktop/arm_ws/install/robot_interfaces/share/robot_interfaces/cmake/robot_interfacesConfig.cmake
[3.890s] -- Installing: /home/cui/Desktop/arm_ws/install/robot_interfaces/share/robot_interfaces/cmake/robot_interfacesConfig-version.cmake
[3.890s] -- Installing: /home/cui/Desktop/arm_ws/install/robot_interfaces/share/robot_interfaces/package.xml
[3.892s] Invoked command in '/home/cui/Desktop/arm_ws/build/robot_interfaces' returned '0': CMAKE_PREFIX_PATH=${CMAKE_PREFIX_PATH}:/opt/ros/humble /usr/bin/cmake --install /home/cui/Desktop/arm_ws/build/robot_interfaces
