[0.008s] Invoking command in '/home/cui/Desktop/arm_ws/build/robotic_arm': CMAKE_PREFIX_PATH=${CMAKE_PREFIX_PATH}:/opt/ros/humble /usr/bin/cmake /home/cui/Desktop/arm_ws/src/robotic_arm  -DCMAKE_INSTALL_PREFIX=/home/cui/Desktop/arm_ws/install/robotic_arm
[0.054s] -- The C compiler identification is GNU 11.4.0
[0.097s] -- The CXX compiler identification is GNU 11.4.0
[0.103s] -- Detecting C compiler ABI info
[0.167s] -- Detecting C compiler ABI info - done
[0.172s] -- Check for working C compiler: /usr/bin/cc - skipped
[0.172s] -- Detecting C compile features
[0.173s] -- Detecting C compile features - done
[0.175s] -- Detecting CXX compiler ABI info
[0.242s] -- Detecting CXX compiler ABI info - done
[0.248s] -- Check for working CXX compiler: /usr/bin/c++ - skipped
[0.248s] -- Detecting CXX compile features
[0.249s] -- Detecting CXX compile features - done
[0.250s] -- Found ament_cmake: 1.3.12 (/opt/ros/humble/share/ament_cmake/cmake)
[0.665s] -- Found Python3: /usr/bin/python3 (found version "3.10.12") found components: Interpreter 
[0.739s] -- Found ament_lint_auto: 0.12.15 (/opt/ros/humble/share/ament_lint_auto/cmake)
[0.793s] -- Added test 'lint_cmake' to check CMake code style
[0.794s] -- Added test 'xmllint' to check XML markup files
[0.795s] -- Configuring done
[0.796s] -- Generating done
[0.797s] -- Build files have been written to: /home/cui/Desktop/arm_ws/build/robotic_arm
[0.801s] Invoked command in '/home/cui/Desktop/arm_ws/build/robotic_arm' returned '0': CMAKE_PREFIX_PATH=${CMAKE_PREFIX_PATH}:/opt/ros/humble /usr/bin/cmake /home/cui/Desktop/arm_ws/src/robotic_arm  -DCMAKE_INSTALL_PREFIX=/home/cui/Desktop/arm_ws/install/robotic_arm
[0.803s] Invoking command in '/home/cui/Desktop/arm_ws/build/robotic_arm': CMAKE_PREFIX_PATH=${CMAKE_PREFIX_PATH}:/opt/ros/humble /usr/bin/cmake --build /home/cui/Desktop/arm_ws/build/robotic_arm -- -j32 -l32
[0.844s] Invoked command in '/home/cui/Desktop/arm_ws/build/robotic_arm' returned '0': CMAKE_PREFIX_PATH=${CMAKE_PREFIX_PATH}:/opt/ros/humble /usr/bin/cmake --build /home/cui/Desktop/arm_ws/build/robotic_arm -- -j32 -l32
[0.854s] Invoking command in '/home/cui/Desktop/arm_ws/build/robotic_arm': CMAKE_PREFIX_PATH=${CMAKE_PREFIX_PATH}:/opt/ros/humble /usr/bin/cmake --install /home/cui/Desktop/arm_ws/build/robotic_arm
[0.861s] -- Install configuration: ""
[0.861s] -- Installing: /home/cui/Desktop/arm_ws/install/robotic_arm/share/robotic_arm/urdf
[0.861s] -- Installing: /home/cui/Desktop/arm_ws/install/robotic_arm/share/robotic_arm/urdf/robotic_arm.csv
[0.861s] -- Installing: /home/cui/Desktop/arm_ws/install/robotic_arm/share/robotic_arm/urdf/robotic_arm.urdf
[0.861s] -- Installing: /home/cui/Desktop/arm_ws/install/robotic_arm/share/robotic_arm/urdf/robotic_arm_mujoco.urdf
[0.861s] -- Installing: /home/cui/Desktop/arm_ws/install/robotic_arm/share/robotic_arm/model
[0.861s] -- Installing: /home/cui/Desktop/arm_ws/install/robotic_arm/share/robotic_arm/model/scene.xml
[0.861s] -- Installing: /home/cui/Desktop/arm_ws/install/robotic_arm/share/robotic_arm/model/robotic_arm.xml
[0.861s] -- Installing: /home/cui/Desktop/arm_ws/install/robotic_arm/share/robotic_arm/meshes
[0.862s] -- Installing: /home/cui/Desktop/arm_ws/install/robotic_arm/share/robotic_arm/meshes/link3.STL
[0.863s] -- Installing: /home/cui/Desktop/arm_ws/install/robotic_arm/share/robotic_arm/meshes/base_link.STL
[0.864s] -- Installing: /home/cui/Desktop/arm_ws/install/robotic_arm/share/robotic_arm/meshes/link5.STL
[0.864s] -- Installing: /home/cui/Desktop/arm_ws/install/robotic_arm/share/robotic_arm/meshes/link1.STL
[0.867s] -- Installing: /home/cui/Desktop/arm_ws/install/robotic_arm/share/robotic_arm/meshes/link2.STL
[0.869s] -- Installing: /home/cui/Desktop/arm_ws/install/robotic_arm/share/robotic_arm/meshes/link6.STL
[0.869s] -- Installing: /home/cui/Desktop/arm_ws/install/robotic_arm/share/robotic_arm/meshes/link4.STL
[0.871s] -- Installing: /home/cui/Desktop/arm_ws/install/robotic_arm/share/ament_index/resource_index/package_run_dependencies/robotic_arm
[0.871s] -- Installing: /home/cui/Desktop/arm_ws/install/robotic_arm/share/ament_index/resource_index/parent_prefix_path/robotic_arm
[0.871s] -- Installing: /home/cui/Desktop/arm_ws/install/robotic_arm/share/robotic_arm/environment/ament_prefix_path.sh
[0.871s] -- Installing: /home/cui/Desktop/arm_ws/install/robotic_arm/share/robotic_arm/environment/ament_prefix_path.dsv
[0.871s] -- Installing: /home/cui/Desktop/arm_ws/install/robotic_arm/share/robotic_arm/environment/path.sh
[0.872s] -- Installing: /home/cui/Desktop/arm_ws/install/robotic_arm/share/robotic_arm/environment/path.dsv
[0.872s] -- Installing: /home/cui/Desktop/arm_ws/install/robotic_arm/share/robotic_arm/local_setup.bash
[0.872s] -- Installing: /home/cui/Desktop/arm_ws/install/robotic_arm/share/robotic_arm/local_setup.sh
[0.872s] -- Installing: /home/cui/Desktop/arm_ws/install/robotic_arm/share/robotic_arm/local_setup.zsh
[0.872s] -- Installing: /home/cui/Desktop/arm_ws/install/robotic_arm/share/robotic_arm/local_setup.dsv
[0.872s] -- Installing: /home/cui/Desktop/arm_ws/install/robotic_arm/share/robotic_arm/package.dsv
[0.872s] -- Installing: /home/cui/Desktop/arm_ws/install/robotic_arm/share/ament_index/resource_index/packages/robotic_arm
[0.872s] -- Installing: /home/cui/Desktop/arm_ws/install/robotic_arm/share/robotic_arm/cmake/robotic_armConfig.cmake
[0.872s] -- Installing: /home/cui/Desktop/arm_ws/install/robotic_arm/share/robotic_arm/cmake/robotic_armConfig-version.cmake
[0.872s] -- Installing: /home/cui/Desktop/arm_ws/install/robotic_arm/share/robotic_arm/package.xml
[0.874s] Invoked command in '/home/cui/Desktop/arm_ws/build/robotic_arm' returned '0': CMAKE_PREFIX_PATH=${CMAKE_PREFIX_PATH}:/opt/ros/humble /usr/bin/cmake --install /home/cui/Desktop/arm_ws/build/robotic_arm
