[35m[1mConsolidate compiler generated dependencies of target pnp_ros_node[0m
[ 50%] [32mBuilding CXX object CMakeFiles/pnp_ros_node.dir/src/pnp_ros.cpp.o[0m
[100%] [32m[1mLinking CXX executable pnp_ros_node[0m
[100%] Built target pnp_ros_node
-- Install configuration: ""
-- Installing: /home/cui/Desktop/arm_ws/install/pnp_ros/lib/pnp_ros/pnp_ros_node
-- Set runtime path of "/home/cui/Desktop/arm_ws/install/pnp_ros/lib/pnp_ros/pnp_ros_node" to ""
-- Up-to-date: /home/cui/Desktop/arm_ws/install/pnp_ros/share/pnp_ros/launch
-- Up-to-date: /home/cui/Desktop/arm_ws/install/pnp_ros/share/pnp_ros/launch/pnp_system.launch.py
-- Up-to-date: /home/cui/Desktop/arm_ws/install/pnp_ros/share/ament_index/resource_index/package_run_dependencies/pnp_ros
-- Up-to-date: /home/cui/Desktop/arm_ws/install/pnp_ros/share/ament_index/resource_index/parent_prefix_path/pnp_ros
-- Up-to-date: /home/cui/Desktop/arm_ws/install/pnp_ros/share/pnp_ros/environment/ament_prefix_path.sh
-- Up-to-date: /home/cui/Desktop/arm_ws/install/pnp_ros/share/pnp_ros/environment/ament_prefix_path.dsv
-- Up-to-date: /home/cui/Desktop/arm_ws/install/pnp_ros/share/pnp_ros/environment/path.sh
-- Up-to-date: /home/cui/Desktop/arm_ws/install/pnp_ros/share/pnp_ros/environment/path.dsv
-- Up-to-date: /home/cui/Desktop/arm_ws/install/pnp_ros/share/pnp_ros/local_setup.bash
-- Up-to-date: /home/cui/Desktop/arm_ws/install/pnp_ros/share/pnp_ros/local_setup.sh
-- Up-to-date: /home/cui/Desktop/arm_ws/install/pnp_ros/share/pnp_ros/local_setup.zsh
-- Up-to-date: /home/cui/Desktop/arm_ws/install/pnp_ros/share/pnp_ros/local_setup.dsv
-- Installing: /home/cui/Desktop/arm_ws/install/pnp_ros/share/pnp_ros/package.dsv
-- Up-to-date: /home/cui/Desktop/arm_ws/install/pnp_ros/share/ament_index/resource_index/packages/pnp_ros
-- Up-to-date: /home/cui/Desktop/arm_ws/install/pnp_ros/share/pnp_ros/cmake/pnp_rosConfig.cmake
-- Up-to-date: /home/cui/Desktop/arm_ws/install/pnp_ros/share/pnp_ros/cmake/pnp_rosConfig-version.cmake
-- Up-to-date: /home/cui/Desktop/arm_ws/install/pnp_ros/share/pnp_ros/package.xml
